Log file open, 12/23/22 10:14:59
LogWindows: Failed to load 'aqProf.dll' (GetLastError=126)
LogWindows: File 'aqProf.dll' does not exist
LogWindows: Failed to load 'VtuneApi.dll' (GetLastError=126)
LogWindows: File 'VtuneApi.dll' does not exist
LogWindows: Failed to load 'VtuneApi32e.dll' (GetLastError=126)
LogWindows: File 'VtuneApi32e.dll' does not exist
LogConsoleResponse: Display: Failed to find resolution value strings in scalability ini. Falling back to default.
LogConsoleResponse: Display: Failed to find resolution value strings in scalability ini. Falling back to default.
LogInit: Display: Running engine for game: MyProject4
LogPlatformFile: Not using cached read wrapper
LogTaskGraph: Started task graph with 5 named threads and 11 total threads with 3 sets of task threads.
LogStats: Stats thread started at 0.520174
LogICUInternationalization: ICU TimeZone Detection - Raw Offset: +3:00, Platform Override: ''
LogInit: Display: Loading text-based GConfig....
LogPluginManager: Mounting plugin MeshPainting
LogPluginManager: Mounting plugin XGEController
LogPluginManager: Mounting plugin Paper2D
LogPluginManager: Mounting plugin AISupport
LogPluginManager: Mounting plugin EnvironmentQueryEditor
LogPluginManager: Mounting plugin LightPropagationVolume
LogPluginManager: Mounting plugin LiveLink
LogPluginManager: Mounting plugin CameraShakePreviewer
LogPluginManager: Mounting plugin GameplayCameras
LogPluginManager: Mounting plugin AnimationSharing
LogPluginManager: Mounting plugin CLionSourceCodeAccess
LogPluginManager: Mounting plugin CodeLiteSourceCodeAccess
LogPluginManager: Mounting plugin GitSourceControl
LogPluginManager: Mounting plugin KDevelopSourceCodeAccess
LogPluginManager: Mounting plugin NullSourceCodeAccess
LogPluginManager: Mounting plugin PerforceSourceControl
LogPluginManager: Mounting plugin PixWinPlugin
LogPluginManager: Mounting plugin PlasticSourceControl
LogPluginManager: Mounting plugin PluginUtils
LogPluginManager: Mounting plugin PropertyAccessNode
LogPluginManager: Mounting plugin RiderSourceCodeAccess
LogPluginManager: Mounting plugin SubversionSourceControl
LogPluginManager: Mounting plugin TextureFormatOodle
LogPluginManager: Mounting plugin UObjectPlugin
LogPluginManager: Mounting plugin VisualStudioSourceCodeAccess
LogPluginManager: Mounting plugin VisualStudioCodeSourceCodeAccess
LogPluginManager: Mounting plugin XCodeSourceCodeAccess
LogPluginManager: Mounting plugin AssetManagerEditor
LogPluginManager: Mounting plugin CryptoKeys
LogPluginManager: Mounting plugin CurveEditorTools
LogPluginManager: Mounting plugin DataValidation
LogPluginManager: Mounting plugin FacialAnimation
LogPluginManager: Mounting plugin GameplayTagsEditor
LogPluginManager: Mounting plugin GeometryMode
LogPluginManager: Mounting plugin MacGraphicsSwitching
LogPluginManager: Mounting plugin MaterialAnalyzer
LogPluginManager: Mounting plugin MobileLauncherProfileWizard
LogPluginManager: Mounting plugin PluginBrowser
LogPluginManager: Mounting plugin SpeedTreeImporter
LogPluginManager: Mounting plugin DatasmithContent
LogPluginManager: Mounting plugin VariantManagerContent
LogPluginManager: Mounting plugin Niagara
LogPluginManager: Mounting plugin AlembicImporter
LogPluginManager: Mounting plugin AutomationUtils
LogPluginManager: Mounting plugin BackChannel
LogPluginManager: Mounting plugin ChaosCloth
LogPluginManager: Mounting plugin ChaosClothEditor
LogPluginManager: Mounting plugin ChaosEditor
LogPluginManager: Mounting plugin ChaosNiagara
LogPluginManager: Mounting plugin ChaosSolverPlugin
LogPluginManager: Mounting plugin CharacterAI
LogPluginManager: Mounting plugin GeometryCache
LogPluginManager: Mounting plugin GeometryCollectionPlugin
LogPluginManager: Mounting plugin GeometryProcessing
LogPluginManager: Mounting plugin MotoSynth
LogPluginManager: Mounting plugin OpenImageDenoise
LogPluginManager: Mounting plugin PlanarCut
LogPluginManager: Mounting plugin ProxyLODPlugin
LogPluginManager: Mounting plugin PlatformCrypto
LogPluginManager: Mounting plugin PythonScriptPlugin
LogPluginManager: Mounting plugin SkeletalReduction
LogPluginManager: Mounting plugin LuminPlatformFeatures
LogPluginManager: Mounting plugin MagicLeap
LogPluginManager: Mounting plugin MagicLeapLightEstimation
LogPluginManager: Mounting plugin MagicLeapMedia
LogPluginManager: Mounting plugin MagicLeapPassableWorld
LogPluginManager: Mounting plugin MLSDK
LogPluginManager: Mounting plugin AndroidMedia
LogPluginManager: Mounting plugin AvfMedia
LogPluginManager: Mounting plugin ImgMedia
LogPluginManager: Mounting plugin MediaCompositing
LogPluginManager: Mounting plugin MediaPlayerEditor
LogPluginManager: Mounting plugin WebMMedia
LogPluginManager: Mounting plugin WmfMedia
LogPluginManager: Mounting plugin TcpMessaging
LogPluginManager: Mounting plugin UdpMessaging
LogPluginManager: Mounting plugin ActorSequence
LogPluginManager: Mounting plugin LevelSequenceEditor
LogPluginManager: Mounting plugin MatineeToLevelSequence
LogPluginManager: Mounting plugin TemplateSequence
LogPluginManager: Mounting plugin OnlineSubsystem
LogPluginManager: Mounting plugin OnlineSubsystemNull
LogPluginManager: Mounting plugin OnlineSubsystemUtils
LogPluginManager: Mounting plugin LauncherChunkInstaller
LogPluginManager: Mounting plugin ActorLayerUtilities
LogPluginManager: Mounting plugin AndroidMoviePlayer
LogPluginManager: Mounting plugin AndroidDeviceProfileSelector
LogPluginManager: Mounting plugin AndroidPermission
LogPluginManager: Mounting plugin AppleMoviePlayer
LogPluginManager: Mounting plugin AppleImageUtils
LogPluginManager: Mounting plugin ArchVisCharacter
LogPluginManager: Mounting plugin AssetTags
LogPluginManager: Mounting plugin AudioCapture
LogPluginManager: Mounting plugin AudioSynesthesia
LogPluginManager: Mounting plugin CableComponent
LogPluginManager: Mounting plugin ChunkDownloader
LogPluginManager: Mounting plugin CustomMeshComponent
LogPluginManager: Mounting plugin EditableMesh
LogPluginManager: Mounting plugin ExampleDeviceProfileSelector
LogPluginManager: Mounting plugin GooglePAD
LogPluginManager: Mounting plugin IOSDeviceProfileSelector
LogPluginManager: Mounting plugin LinuxDeviceProfileSelector
LogPluginManager: Mounting plugin LocationServicesBPLibrary
LogPluginManager: Mounting plugin MobilePatchingUtils
LogPluginManager: Mounting plugin OpenXREyeTracker
LogPluginManager: Mounting plugin OpenXRHandTracking
LogPluginManager: Mounting plugin PhysXVehicles
LogPluginManager: Mounting plugin PostSplashScreen
LogPluginManager: Mounting plugin ProceduralMeshComponent
LogPluginManager: Mounting plugin PropertyAccessEditor
LogPluginManager: Mounting plugin RuntimePhysXCooking
LogPluginManager: Mounting plugin SignificanceManager
LogPluginManager: Mounting plugin SoundFields
LogPluginManager: Mounting plugin Synthesis
LogPluginManager: Mounting plugin WebMMoviePlayer
LogPluginManager: Mounting plugin WindowsMoviePlayer
LogPluginManager: Mounting plugin ScreenshotTools
LogPluginManager: Mounting plugin GoogleCloudMessaging
LogPluginManager: Mounting plugin Takes
LogPluginManager: Mounting plugin OodleData
LogPluginManager: Mounting plugin OodleNetwork
LogPluginManager: Mounting plugin OpenXR
LogPluginManager: Mounting plugin ContentBrowserAssetDataSource
LogPluginManager: Mounting plugin ContentBrowserClassDataSource
LogPluginManager: Mounting plugin ContentBrowserFileDataSource
LogPluginManager: Mounting plugin OnlineSubsystemGooglePlay
LogPluginManager: Mounting plugin OnlineSubsystemIOS
LogPluginManager: Mounting plugin OculusVR
LogPluginManager: Mounting plugin SteamVR
PixWinPlugin: PIX capture plugin failed to initialize! Check that the process is launched from PIX.
LogInit: Using libcurl 7.55.1-DEV
LogInit:  - built for x86_64-pc-win32
LogInit:  - supports SSL with OpenSSL/1.1.1
LogInit:  - supports HTTP deflate (compression) using libz 1.2.8
LogInit:  - other features:
LogInit:      CURL_VERSION_SSL
LogInit:      CURL_VERSION_LIBZ
LogInit:      CURL_VERSION_IPV6
LogInit:      CURL_VERSION_ASYNCHDNS
LogInit:      CURL_VERSION_LARGEFILE
LogInit:      CURL_VERSION_IDN
LogInit:  CurlRequestOptions (configurable via config and command line):
LogInit:  - bVerifyPeer = true  - Libcurl will verify peer certificate
LogInit:  - bUseHttpProxy = false  - Libcurl will NOT use HTTP proxy
LogInit:  - bDontReuseConnections = false  - Libcurl will reuse connections
LogInit:  - MaxHostConnections = 16  - Libcurl will limit the number of connections to a host
LogInit:  - LocalHostAddr = Default
LogInit:  - BufferSize = 65536
LogOnline: OSS: Creating online subsystem instance for: NULL
LogInit: WinSock: version 1.1 (2.2), MaxSocks=32767, MaxUdp=65467
LogOnline: OSS: TryLoadSubsystemAndSetDefault: Loaded subsystem for module [NULL]
LogOculusPluginWrapper: OculusPlugin initialized successfully
LogHMD: Failed initializing OVRPlugin 1.59.0
LogInit: Build: ++UE4+Release-4.27-CL-18319896
LogInit: Engine Version: 4.27.2-18319896+++UE4+Release-4.27
LogInit: Compatible Engine Version: 4.27.0-17155196+++UE4+Release-4.27
LogInit: Net CL: 17155196
LogInit: OS: Windows 10 (Release 2009) (), CPU: Intel(R) Core(TM) i7-7500U CPU @ 2.70GHz, GPU: Intel(R) HD Graphics 620
LogInit: Compiled (64-bit): Nov 30 2021 07:12:08
LogInit: Compiled with Visual C++: 19.24.28315.00
LogInit: Build Configuration: Development
LogInit: Branch Name: ++UE4+Release-4.27
LogInit: Command Line: 
LogInit: Base Directory: C:/Program Files/Epic Games/UE_4.27/Engine/Binaries/Win64/
LogInit: Allocator: TBB
LogInit: Installed Engine Build: 1
LogDevObjectVersion: Number of dev versions registered: 29
LogDevObjectVersion:   Dev-Blueprints (B0D832E4-1F89-4F0D-ACCF-7EB736FD4AA2): 10
LogDevObjectVersion:   Dev-Build (E1C64328-A22C-4D53-A36C-8E866417BD8C): 0
LogDevObjectVersion:   Dev-Core (375EC13C-06E4-48FB-B500-84F0262A717E): 4
LogDevObjectVersion:   Dev-Editor (E4B068ED-F494-42E9-A231-DA0B2E46BB41): 40
LogDevObjectVersion:   Dev-Framework (CFFC743F-43B0-4480-9391-14DF171D2073): 37
LogDevObjectVersion:   Dev-Mobile (B02B49B5-BB20-44E9-A304-32B752E40360): 3
LogDevObjectVersion:   Dev-Networking (A4E4105C-59A1-49B5-A7C5-40C4547EDFEE): 0
LogDevObjectVersion:   Dev-Online (39C831C9-5AE6-47DC-9A44-9C173E1C8E7C): 0
LogDevObjectVersion:   Dev-Physics (78F01B33-EBEA-4F98-B9B4-84EACCB95AA2): 14
LogDevObjectVersion:   Dev-Platform (6631380F-2D4D-43E0-8009-CF276956A95A): 0
LogDevObjectVersion:   Dev-Rendering (12F88B9F-8875-4AFC-A67C-D90C383ABD29): 45
LogDevObjectVersion:   Dev-Sequencer (7B5AE74C-D270-4C10-A958-57980B212A5A): 13
LogDevObjectVersion:   Dev-VR (D7296918-1DD6-4BDD-9DE2-64A83CC13884): 3
LogDevObjectVersion:   Dev-LoadTimes (C2A15278-BFE7-4AFE-6C17-90FF531DF755): 1
LogDevObjectVersion:   Private-Geometry (6EACA3D4-40EC-4CC1-B786-8BED09428FC5): 3
LogDevObjectVersion:   Dev-AnimPhys (29E575DD-E0A3-4627-9D10-D276232CDCEA): 17
LogDevObjectVersion:   Dev-Anim (AF43A65D-7FD3-4947-9873-3E8ED9C1BB05): 15
LogDevObjectVersion:   Dev-ReflectionCapture (6B266CEC-1EC7-4B8F-A30B-E4D90942FC07): 1
LogDevObjectVersion:   Dev-Automation (0DF73D61-A23F-47EA-B727-89E90C41499A): 1
LogDevObjectVersion:   FortniteMain (601D1886-AC64-4F84-AA16-D3DE0DEAC7D6): 47
LogDevObjectVersion:   FortniteRelease (E7086368-6B23-4C58-8439-1B7016265E91): 1
LogDevObjectVersion:   Dev-Enterprise (9DFFBCD6-494F-0158-E221-12823C92A888): 10
LogDevObjectVersion:   Dev-Niagara (F2AED0AC-9AFE-416F-8664-AA7FFA26D6FC): 1
LogDevObjectVersion:   Dev-Destruction (174F1F0B-B4C6-45A5-B13F-2EE8D0FB917D): 10
LogDevObjectVersion:   Dev-Physics-Ext (35F94A83-E258-406C-A318-09F59610247C): 41
LogDevObjectVersion:   Dev-PhysicsMaterial-Chaos (B68FC16E-8B1B-42E2-B453-215C058844FE): 1
LogDevObjectVersion:   Dev-CineCamera (B2E18506-4273-CFC2-A54E-F4BB758BBA07): 1
LogDevObjectVersion:   Dev-VirtualProduction (64F58936-FD1B-42BA-BA96-7289D5D0FA4E): 1
LogDevObjectVersion:   Dev-MediaFramework (6F0ED827-A609-4895-9C91-998D90180EA4): 2
LogInit: Presizing for max 25165824 objects, including 0 objects not considered by GC, pre-allocating 0 bytes for permanent pool.
LogConfig: Applying CVar settings from Section [/Script/Engine.StreamingSettings] File [C:/Users/User/Documents/Unreal Projects/MyProject4/Saved/Config/Windows/Engine.ini]
LogConfig: Setting CVar [[s.MinBulkDataSizeForAsyncLoading:131072]]
LogConfig: Setting CVar [[s.AsyncLoadingThreadEnabled:0]]
LogConfig: Setting CVar [[s.EventDrivenLoaderEnabled:1]]
LogConfig: Setting CVar [[s.WarnIfTimeLimitExceeded:0]]
LogConfig: Setting CVar [[s.TimeLimitExceededMultiplier:1.5]]
LogConfig: Setting CVar [[s.TimeLimitExceededMinTime:0.005]]
LogConfig: Setting CVar [[s.UseBackgroundLevelStreaming:1]]
LogConfig: Setting CVar [[s.PriorityAsyncLoadingExtraTime:15.0]]
LogConfig: Setting CVar [[s.LevelStreamingActorsUpdateTimeLimit:5.0]]
LogConfig: Setting CVar [[s.PriorityLevelStreamingActorsUpdateExtraTime:5.0]]
LogConfig: Setting CVar [[s.LevelStreamingComponentsRegistrationGranularity:10]]
LogConfig: Setting CVar [[s.UnregisterComponentsTimeLimit:1.0]]
LogConfig: Setting CVar [[s.LevelStreamingComponentsUnregistrationGranularity:5]]
LogConfig: Setting CVar [[s.FlushStreamingOnExit:1]]
LogInit: Object subsystem initialized
LogConfig: Setting CVar [[con.DebugEarlyDefault:1]]
LogConfig: Setting CVar [[r.setres:1280x720]]
[2022.12.23-07.15.01:139][  0]LogConfig: Setting CVar [[r.VSync:0]]
[2022.12.23-07.15.01:139][  0]LogConfig: Setting CVar [[r.RHICmdBypass:0]]
[2022.12.23-07.15.01:139][  0]LogConfig: Applying CVar settings from Section [/Script/Engine.RendererSettings] File [C:/Users/User/Documents/Unreal Projects/MyProject4/Saved/Config/Windows/Engine.ini]
[2022.12.23-07.15.01:139][  0]LogConfig: Setting CVar [[r.GPUCrashDebugging:0]]
[2022.12.23-07.15.01:140][  0]LogConfig: Applying CVar settings from Section [/Script/Engine.RendererOverrideSettings] File [C:/Users/User/Documents/Unreal Projects/MyProject4/Saved/Config/Windows/Engine.ini]
[2022.12.23-07.15.01:140][  0]LogConfig: Applying CVar settings from Section [/Script/Engine.StreamingSettings] File [C:/Users/User/Documents/Unreal Projects/MyProject4/Saved/Config/Windows/Engine.ini]
[2022.12.23-07.15.01:140][  0]LogConfig: Setting CVar [[s.MinBulkDataSizeForAsyncLoading:131072]]
[2022.12.23-07.15.01:140][  0]LogConfig: Setting CVar [[s.AsyncLoadingThreadEnabled:0]]
[2022.12.23-07.15.01:140][  0]LogConfig: Setting CVar [[s.EventDrivenLoaderEnabled:1]]
[2022.12.23-07.15.01:140][  0]LogConfig: Setting CVar [[s.WarnIfTimeLimitExceeded:0]]
[2022.12.23-07.15.01:140][  0]LogConfig: Setting CVar [[s.TimeLimitExceededMultiplier:1.5]]
[2022.12.23-07.15.01:140][  0]LogConfig: Setting CVar [[s.TimeLimitExceededMinTime:0.005]]
[2022.12.23-07.15.01:140][  0]LogConfig: Setting CVar [[s.UseBackgroundLevelStreaming:1]]
[2022.12.23-07.15.01:140][  0]LogConfig: Setting CVar [[s.PriorityAsyncLoadingExtraTime:15.0]]
[2022.12.23-07.15.01:140][  0]LogConfig: Setting CVar [[s.LevelStreamingActorsUpdateTimeLimit:5.0]]
[2022.12.23-07.15.01:140][  0]LogConfig: Setting CVar [[s.PriorityLevelStreamingActorsUpdateExtraTime:5.0]]
[2022.12.23-07.15.01:140][  0]LogConfig: Setting CVar [[s.LevelStreamingComponentsRegistrationGranularity:10]]
[2022.12.23-07.15.01:140][  0]LogConfig: Setting CVar [[s.UnregisterComponentsTimeLimit:1.0]]
[2022.12.23-07.15.01:140][  0]LogConfig: Setting CVar [[s.LevelStreamingComponentsUnregistrationGranularity:5]]
[2022.12.23-07.15.01:140][  0]LogConfig: Setting CVar [[s.FlushStreamingOnExit:1]]
[2022.12.23-07.15.01:140][  0]LogConfig: Applying CVar settings from Section [/Script/Engine.GarbageCollectionSettings] File [C:/Users/User/Documents/Unreal Projects/MyProject4/Saved/Config/Windows/Engine.ini]
[2022.12.23-07.15.01:140][  0]LogConfig: Setting CVar [[gc.MaxObjectsNotConsideredByGC:1]]
[2022.12.23-07.15.01:140][  0]LogConfig: Setting CVar [[gc.SizeOfPermanentObjectPool:0]]
[2022.12.23-07.15.01:140][  0]LogConfig: Setting CVar [[gc.FlushStreamingOnGC:0]]
[2022.12.23-07.15.01:140][  0]LogConfig: Setting CVar [[gc.NumRetriesBeforeForcingGC:10]]
[2022.12.23-07.15.01:140][  0]LogConfig: Setting CVar [[gc.AllowParallelGC:1]]
[2022.12.23-07.15.01:140][  0]LogConfig: Setting CVar [[gc.TimeBetweenPurgingPendingKillObjects:61.1]]
[2022.12.23-07.15.01:140][  0]LogConfig: Setting CVar [[gc.MaxObjectsInEditor:25165824]]
[2022.12.23-07.15.01:140][  0]LogConfig: Setting CVar [[gc.IncrementalBeginDestroyEnabled:1]]
[2022.12.23-07.15.01:140][  0]LogConfig: Setting CVar [[gc.CreateGCClusters:1]]
[2022.12.23-07.15.01:140][  0]LogConfig: Setting CVar [[gc.MinGCClusterSize:5]]
[2022.12.23-07.15.01:140][  0]LogConfig: Setting CVar [[gc.ActorClusteringEnabled:0]]
[2022.12.23-07.15.01:140][  0]LogConfig: Setting CVar [[gc.BlueprintClusteringEnabled:0]]
[2022.12.23-07.15.01:140][  0]LogConfig: Setting CVar [[gc.UseDisregardForGCOnDedicatedServers:0]]
[2022.12.23-07.15.01:140][  0]LogConfig: Setting CVar [[gc.MultithreadedDestructionEnabled:1]]
[2022.12.23-07.15.01:140][  0]LogConfig: Applying CVar settings from Section [/Script/Engine.NetworkSettings] File [C:/Users/User/Documents/Unreal Projects/MyProject4/Saved/Config/Windows/Engine.ini]
[2022.12.23-07.15.01:140][  0]LogConfig: Applying CVar settings from Section [/Script/UnrealEd.CookerSettings] File [C:/Users/User/Documents/Unreal Projects/MyProject4/Saved/Config/Windows/Engine.ini]
[2022.12.23-07.15.01:155][  0]LogConfig: Applying CVar settings from Section [ViewDistanceQuality@3] File [C:/Users/User/Documents/Unreal Projects/MyProject4/Saved/Config/Windows/Scalability.ini]
[2022.12.23-07.15.01:155][  0]LogConfig: Setting CVar [[r.SkeletalMeshLODBias:0]]
[2022.12.23-07.15.01:155][  0]LogConfig: Setting CVar [[r.ViewDistanceScale:1.0]]
[2022.12.23-07.15.01:155][  0]LogConfig: Applying CVar settings from Section [AntiAliasingQuality@3] File [C:/Users/User/Documents/Unreal Projects/MyProject4/Saved/Config/Windows/Scalability.ini]
[2022.12.23-07.15.01:155][  0]LogConfig: Setting CVar [[r.PostProcessAAQuality:4]]
[2022.12.23-07.15.01:155][  0]LogConfig: Applying CVar settings from Section [ShadowQuality@3] File [C:/Users/User/Documents/Unreal Projects/MyProject4/Saved/Config/Windows/Scalability.ini]
[2022.12.23-07.15.01:155][  0]LogConfig: Setting CVar [[r.LightFunctionQuality:1]]
[2022.12.23-07.15.01:156][  0]LogConfig: Setting CVar [[r.ShadowQuality:5]]
[2022.12.23-07.15.01:156][  0]LogConfig: Setting CVar [[r.Shadow.CSM.MaxCascades:10]]
[2022.12.23-07.15.01:156][  0]LogConfig: Setting CVar [[r.Shadow.MaxResolution:2048]]
[2022.12.23-07.15.01:156][  0]LogConfig: Setting CVar [[r.Shadow.MaxCSMResolution:2048]]
[2022.12.23-07.15.01:156][  0]LogConfig: Setting CVar [[r.Shadow.RadiusThreshold:0.01]]
[2022.12.23-07.15.01:156][  0]LogConfig: Setting CVar [[r.Shadow.DistanceScale:1.0]]
[2022.12.23-07.15.01:156][  0]LogConfig: Setting CVar [[r.Shadow.CSM.TransitionScale:1.0]]
[2022.12.23-07.15.01:156][  0]LogConfig: Setting CVar [[r.Shadow.PreShadowResolutionFactor:1.0]]
[2022.12.23-07.15.01:156][  0]LogConfig: Setting CVar [[r.DistanceFieldShadowing:1]]
[2022.12.23-07.15.01:156][  0]LogConfig: Setting CVar [[r.DistanceFieldAO:1]]
[2022.12.23-07.15.01:156][  0]LogConfig: Setting CVar [[r.AOQuality:2]]
[2022.12.23-07.15.01:156][  0]LogConfig: Setting CVar [[r.VolumetricFog:1]]
[2022.12.23-07.15.01:156][  0]LogConfig: Setting CVar [[r.VolumetricFog.GridPixelSize:8]]
[2022.12.23-07.15.01:156][  0]LogConfig: Setting CVar [[r.VolumetricFog.GridSizeZ:128]]
[2022.12.23-07.15.01:156][  0]LogConfig: Setting CVar [[r.VolumetricFog.HistoryMissSupersampleCount:4]]
[2022.12.23-07.15.01:156][  0]LogConfig: Setting CVar [[r.LightMaxDrawDistanceScale:1]]
[2022.12.23-07.15.01:156][  0]LogConfig: Setting CVar [[r.CapsuleShadows:1]]
[2022.12.23-07.15.01:156][  0]LogConfig: Applying CVar settings from Section [PostProcessQuality@3] File [C:/Users/User/Documents/Unreal Projects/MyProject4/Saved/Config/Windows/Scalability.ini]
[2022.12.23-07.15.01:156][  0]LogConfig: Setting CVar [[r.MotionBlurQuality:4]]
[2022.12.23-07.15.01:156][  0]LogConfig: Setting CVar [[r.AmbientOcclusionMipLevelFactor:0.4]]
[2022.12.23-07.15.01:156][  0]LogConfig: Setting CVar [[r.AmbientOcclusionMaxQuality:100]]
[2022.12.23-07.15.01:156][  0]LogConfig: Setting CVar [[r.AmbientOcclusionLevels:-1]]
[2022.12.23-07.15.01:156][  0]LogConfig: Setting CVar [[r.AmbientOcclusionRadiusScale:1.0]]
[2022.12.23-07.15.01:156][  0]LogConfig: Setting CVar [[r.DepthOfFieldQuality:2]]
[2022.12.23-07.15.01:156][  0]LogConfig: Setting CVar [[r.RenderTargetPoolMin:400]]
[2022.12.23-07.15.01:156][  0]LogConfig: Setting CVar [[r.LensFlareQuality:2]]
[2022.12.23-07.15.01:156][  0]LogConfig: Setting CVar [[r.SceneColorFringeQuality:1]]
[2022.12.23-07.15.01:156][  0]LogConfig: Setting CVar [[r.EyeAdaptationQuality:2]]
[2022.12.23-07.15.01:156][  0]LogConfig: Setting CVar [[r.BloomQuality:5]]
[2022.12.23-07.15.01:156][  0]LogConfig: Setting CVar [[r.FastBlurThreshold:100]]
[2022.12.23-07.15.01:156][  0]LogConfig: Setting CVar [[r.Upscale.Quality:3]]
[2022.12.23-07.15.01:156][  0]LogConfig: Setting CVar [[r.Tonemapper.GrainQuantization:1]]
[2022.12.23-07.15.01:157][  0]LogConfig: Setting CVar [[r.LightShaftQuality:1]]
[2022.12.23-07.15.01:157][  0]LogConfig: Setting CVar [[r.Filter.SizeScale:1]]
[2022.12.23-07.15.01:157][  0]LogConfig: Setting CVar [[r.Tonemapper.Quality:5]]
[2022.12.23-07.15.01:157][  0]LogConfig: Setting CVar [[r.DOF.Gather.AccumulatorQuality:1        ; higher gathering accumulator quality]]
[2022.12.23-07.15.01:157][  0]LogConfig: Setting CVar [[r.DOF.Gather.PostfilterMethod:1          ; Median3x3 postfilering method]]
[2022.12.23-07.15.01:157][  0]LogConfig: Setting CVar [[r.DOF.Gather.EnableBokehSettings:0       ; no bokeh simulation when gathering]]
[2022.12.23-07.15.01:157][  0]LogConfig: Setting CVar [[r.DOF.Gather.RingCount:4                 ; medium number of samples when gathering]]
[2022.12.23-07.15.01:157][  0]LogConfig: Setting CVar [[r.DOF.Scatter.ForegroundCompositing:1    ; additive foreground scattering]]
[2022.12.23-07.15.01:157][  0]LogConfig: Setting CVar [[r.DOF.Scatter.BackgroundCompositing:2    ; additive background scattering]]
[2022.12.23-07.15.01:157][  0]LogConfig: Setting CVar [[r.DOF.Scatter.EnableBokehSettings:1      ; bokeh simulation when scattering]]
[2022.12.23-07.15.01:157][  0]LogConfig: Setting CVar [[r.DOF.Scatter.MaxSpriteRatio:0.1         ; only a maximum of 10% of scattered bokeh]]
[2022.12.23-07.15.01:157][  0]LogConfig: Setting CVar [[r.DOF.Recombine.Quality:1                ; cheap slight out of focus]]
[2022.12.23-07.15.01:157][  0]LogConfig: Setting CVar [[r.DOF.Recombine.EnableBokehSettings:0    ; no bokeh simulation on slight out of focus]]
[2022.12.23-07.15.01:157][  0]LogConfig: Setting CVar [[r.DOF.TemporalAAQuality:1                ; more stable temporal accumulation]]
[2022.12.23-07.15.01:157][  0]LogConfig: Setting CVar [[r.DOF.Kernel.MaxForegroundRadius:0.025]]
[2022.12.23-07.15.01:157][  0]LogConfig: Setting CVar [[r.DOF.Kernel.MaxBackgroundRadius:0.025]]
[2022.12.23-07.15.01:157][  0]LogConfig: Applying CVar settings from Section [TextureQuality@3] File [C:/Users/User/Documents/Unreal Projects/MyProject4/Saved/Config/Windows/Scalability.ini]
[2022.12.23-07.15.01:157][  0]LogConfig: Setting CVar [[r.Streaming.MipBias:0]]
[2022.12.23-07.15.01:157][  0]LogConfig: Setting CVar [[r.Streaming.AmortizeCPUToGPUCopy:0]]
[2022.12.23-07.15.01:157][  0]LogConfig: Setting CVar [[r.Streaming.MaxNumTexturesToStreamPerFrame:0]]
[2022.12.23-07.15.01:157][  0]LogConfig: Setting CVar [[r.Streaming.Boost:1]]
[2022.12.23-07.15.01:157][  0]LogConfig: Setting CVar [[r.MaxAnisotropy:8]]
[2022.12.23-07.15.01:157][  0]LogConfig: Setting CVar [[r.VT.MaxAnisotropy:8]]
[2022.12.23-07.15.01:157][  0]LogConfig: Setting CVar [[r.Streaming.LimitPoolSizeToVRAM:0]]
[2022.12.23-07.15.01:157][  0]LogConfig: Setting CVar [[r.Streaming.PoolSize:1000]]
[2022.12.23-07.15.01:157][  0]LogConfig: Setting CVar [[r.Streaming.MaxEffectiveScreenSize:0]]
[2022.12.23-07.15.01:157][  0]LogConfig: Applying CVar settings from Section [EffectsQuality@3] File [C:/Users/User/Documents/Unreal Projects/MyProject4/Saved/Config/Windows/Scalability.ini]
[2022.12.23-07.15.01:157][  0]LogConfig: Setting CVar [[r.TranslucencyLightingVolumeDim:64]]
[2022.12.23-07.15.01:157][  0]LogConfig: Setting CVar [[r.RefractionQuality:2]]
[2022.12.23-07.15.01:157][  0]LogConfig: Setting CVar [[r.SSR.Quality:3]]
[2022.12.23-07.15.01:157][  0]LogConfig: Setting CVar [[r.SSR.HalfResSceneColor:0]]
[2022.12.23-07.15.01:157][  0]LogConfig: Setting CVar [[r.SceneColorFormat:4]]
[2022.12.23-07.15.01:158][  0]LogConfig: Setting CVar [[r.DetailMode:2]]
[2022.12.23-07.15.01:158][  0]LogConfig: Setting CVar [[r.TranslucencyVolumeBlur:1]]
[2022.12.23-07.15.01:158][  0]LogConfig: Setting CVar [[r.MaterialQualityLevel:1 ; High quality]]
[2022.12.23-07.15.01:158][  0]LogConfig: Setting CVar [[r.AnisotropicMaterials:1]]
[2022.12.23-07.15.01:158][  0]LogConfig: Setting CVar [[r.SSS.Scale:1]]
[2022.12.23-07.15.01:158][  0]LogConfig: Setting CVar [[r.SSS.SampleSet:2]]
[2022.12.23-07.15.01:158][  0]LogConfig: Setting CVar [[r.SSS.Quality:1]]
[2022.12.23-07.15.01:158][  0]LogConfig: Setting CVar [[r.SSS.HalfRes:0]]
[2022.12.23-07.15.01:158][  0]LogConfig: Setting CVar [[r.SSGI.Quality:3]]
[2022.12.23-07.15.01:158][  0]LogConfig: Setting CVar [[r.EmitterSpawnRateScale:1.0]]
[2022.12.23-07.15.01:158][  0]LogConfig: Setting CVar [[r.ParticleLightQuality:2]]
[2022.12.23-07.15.01:158][  0]LogConfig: Setting CVar [[r.SkyAtmosphere.AerialPerspectiveLUT.FastApplyOnOpaque:1 ; Always have FastSkyLUT 1 in this case to avoid wrong sky]]
[2022.12.23-07.15.01:158][  0]LogConfig: Setting CVar [[r.SkyAtmosphere.AerialPerspectiveLUT.SampleCountMaxPerSlice:4]]
[2022.12.23-07.15.01:158][  0]LogConfig: Setting CVar [[r.SkyAtmosphere.AerialPerspectiveLUT.DepthResolution:16.0]]
[2022.12.23-07.15.01:158][  0]LogConfig: Setting CVar [[r.SkyAtmosphere.FastSkyLUT:1]]
[2022.12.23-07.15.01:158][  0]LogConfig: Setting CVar [[r.SkyAtmosphere.FastSkyLUT.SampleCountMin:4.0]]
[2022.12.23-07.15.01:158][  0]LogConfig: Setting CVar [[r.SkyAtmosphere.FastSkyLUT.SampleCountMax:128.0]]
[2022.12.23-07.15.01:158][  0]LogConfig: Setting CVar [[r.SkyAtmosphere.SampleCountMin:4.0]]
[2022.12.23-07.15.01:158][  0]LogConfig: Setting CVar [[r.SkyAtmosphere.SampleCountMax:128.0]]
[2022.12.23-07.15.01:158][  0]LogConfig: Setting CVar [[r.SkyAtmosphere.TransmittanceLUT.UseSmallFormat:0]]
[2022.12.23-07.15.01:158][  0]LogConfig: Setting CVar [[r.SkyAtmosphere.TransmittanceLUT.SampleCount:10.0]]
[2022.12.23-07.15.01:158][  0]LogConfig: Setting CVar [[r.SkyAtmosphere.MultiScatteringLUT.SampleCount:15.0]]
[2022.12.23-07.15.01:158][  0]LogConfig: Setting CVar [[r.SkyLight.RealTimeReflectionCapture:1]]
[2022.12.23-07.15.01:158][  0]LogConfig: Applying CVar settings from Section [FoliageQuality@3] File [C:/Users/User/Documents/Unreal Projects/MyProject4/Saved/Config/Windows/Scalability.ini]
[2022.12.23-07.15.01:158][  0]LogConfig: Setting CVar [[foliage.DensityScale:1.0]]
[2022.12.23-07.15.01:158][  0]LogConfig: Setting CVar [[grass.DensityScale:1.0]]
[2022.12.23-07.15.01:158][  0]LogConfig: Applying CVar settings from Section [ShadingQuality@3] File [C:/Users/User/Documents/Unreal Projects/MyProject4/Saved/Config/Windows/Scalability.ini]
[2022.12.23-07.15.01:158][  0]LogConfig: Setting CVar [[r.HairStrands.SkyLighting.IntegrationType:2]]
[2022.12.23-07.15.01:158][  0]LogConfig: Setting CVar [[r.HairStrands.SkyAO.SampleCount:4]]
[2022.12.23-07.15.01:158][  0]LogConfig: Setting CVar [[r.HairStrands.Visibility.MSAA.SamplePerPixel:4]]
[2022.12.23-07.15.01:158][  0]LogInit: Selected Device Profile: [Windows]
[2022.12.23-07.15.01:159][  0]LogInit: Applying CVar settings loaded from the selected device profile: [Windows]
[2022.12.23-07.15.01:159][  0]LogHAL: Display: Platform has ~ 16 GB [17055256576 / 17179869184 / 16], which maps to Larger [LargestMinGB=32, LargerMinGB=12, DefaultMinGB=8, SmallerMinGB=6, SmallestMinGB=0)
[2022.12.23-07.15.01:159][  0]LogInit: Going up to parent DeviceProfile []
[2022.12.23-07.15.01:159][  0]LogConfig: Applying CVar settings from Section [ViewDistanceQuality@3] File [C:/Users/User/Documents/Unreal Projects/MyProject4/Saved/Config/Windows/Scalability.ini]
[2022.12.23-07.15.01:159][  0]LogConfig: Setting CVar [[r.SkeletalMeshLODBias:0]]
[2022.12.23-07.15.01:159][  0]LogConfig: Setting CVar [[r.ViewDistanceScale:1.0]]
[2022.12.23-07.15.01:159][  0]LogConfig: Applying CVar settings from Section [AntiAliasingQuality@3] File [C:/Users/User/Documents/Unreal Projects/MyProject4/Saved/Config/Windows/Scalability.ini]
[2022.12.23-07.15.01:159][  0]LogConfig: Setting CVar [[r.PostProcessAAQuality:4]]
[2022.12.23-07.15.01:159][  0]LogConfig: Applying CVar settings from Section [ShadowQuality@3] File [C:/Users/User/Documents/Unreal Projects/MyProject4/Saved/Config/Windows/Scalability.ini]
[2022.12.23-07.15.01:159][  0]LogConfig: Setting CVar [[r.LightFunctionQuality:1]]
[2022.12.23-07.15.01:159][  0]LogConfig: Setting CVar [[r.ShadowQuality:5]]
[2022.12.23-07.15.01:159][  0]LogConfig: Setting CVar [[r.Shadow.CSM.MaxCascades:10]]
[2022.12.23-07.15.01:159][  0]LogConfig: Setting CVar [[r.Shadow.MaxResolution:2048]]
[2022.12.23-07.15.01:159][  0]LogConfig: Setting CVar [[r.Shadow.MaxCSMResolution:2048]]
[2022.12.23-07.15.01:159][  0]LogConfig: Setting CVar [[r.Shadow.RadiusThreshold:0.01]]
[2022.12.23-07.15.01:159][  0]LogConfig: Setting CVar [[r.Shadow.DistanceScale:1.0]]
[2022.12.23-07.15.01:159][  0]LogConfig: Setting CVar [[r.Shadow.CSM.TransitionScale:1.0]]
[2022.12.23-07.15.01:159][  0]LogConfig: Setting CVar [[r.Shadow.PreShadowResolutionFactor:1.0]]
[2022.12.23-07.15.01:159][  0]LogConfig: Setting CVar [[r.DistanceFieldShadowing:1]]
[2022.12.23-07.15.01:159][  0]LogConfig: Setting CVar [[r.DistanceFieldAO:1]]
[2022.12.23-07.15.01:159][  0]LogConfig: Setting CVar [[r.AOQuality:2]]
[2022.12.23-07.15.01:159][  0]LogConfig: Setting CVar [[r.VolumetricFog:1]]
[2022.12.23-07.15.01:159][  0]LogConfig: Setting CVar [[r.VolumetricFog.GridPixelSize:8]]
[2022.12.23-07.15.01:159][  0]LogConfig: Setting CVar [[r.VolumetricFog.GridSizeZ:128]]
[2022.12.23-07.15.01:159][  0]LogConfig: Setting CVar [[r.VolumetricFog.HistoryMissSupersampleCount:4]]
[2022.12.23-07.15.01:159][  0]LogConfig: Setting CVar [[r.LightMaxDrawDistanceScale:1]]
[2022.12.23-07.15.01:159][  0]LogConfig: Setting CVar [[r.CapsuleShadows:1]]
[2022.12.23-07.15.01:159][  0]LogConfig: Applying CVar settings from Section [PostProcessQuality@3] File [C:/Users/User/Documents/Unreal Projects/MyProject4/Saved/Config/Windows/Scalability.ini]
[2022.12.23-07.15.01:160][  0]LogConfig: Setting CVar [[r.MotionBlurQuality:4]]
[2022.12.23-07.15.01:160][  0]LogConfig: Setting CVar [[r.AmbientOcclusionMipLevelFactor:0.4]]
[2022.12.23-07.15.01:160][  0]LogConfig: Setting CVar [[r.AmbientOcclusionMaxQuality:100]]
[2022.12.23-07.15.01:160][  0]LogConfig: Setting CVar [[r.AmbientOcclusionLevels:-1]]
[2022.12.23-07.15.01:160][  0]LogConfig: Setting CVar [[r.AmbientOcclusionRadiusScale:1.0]]
[2022.12.23-07.15.01:160][  0]LogConfig: Setting CVar [[r.DepthOfFieldQuality:2]]
[2022.12.23-07.15.01:160][  0]LogConfig: Setting CVar [[r.RenderTargetPoolMin:400]]
[2022.12.23-07.15.01:160][  0]LogConfig: Setting CVar [[r.LensFlareQuality:2]]
[2022.12.23-07.15.01:160][  0]LogConfig: Setting CVar [[r.SceneColorFringeQuality:1]]
[2022.12.23-07.15.01:160][  0]LogConfig: Setting CVar [[r.EyeAdaptationQuality:2]]
[2022.12.23-07.15.01:160][  0]LogConfig: Setting CVar [[r.BloomQuality:5]]
[2022.12.23-07.15.01:160][  0]LogConfig: Setting CVar [[r.FastBlurThreshold:100]]
[2022.12.23-07.15.01:160][  0]LogConfig: Setting CVar [[r.Upscale.Quality:3]]
[2022.12.23-07.15.01:160][  0]LogConfig: Setting CVar [[r.Tonemapper.GrainQuantization:1]]
[2022.12.23-07.15.01:160][  0]LogConfig: Setting CVar [[r.LightShaftQuality:1]]
[2022.12.23-07.15.01:160][  0]LogConfig: Setting CVar [[r.Filter.SizeScale:1]]
[2022.12.23-07.15.01:160][  0]LogConfig: Setting CVar [[r.Tonemapper.Quality:5]]
[2022.12.23-07.15.01:160][  0]LogConfig: Setting CVar [[r.DOF.Gather.AccumulatorQuality:1        ; higher gathering accumulator quality]]
[2022.12.23-07.15.01:160][  0]LogConfig: Setting CVar [[r.DOF.Gather.PostfilterMethod:1          ; Median3x3 postfilering method]]
[2022.12.23-07.15.01:160][  0]LogConfig: Setting CVar [[r.DOF.Gather.EnableBokehSettings:0       ; no bokeh simulation when gathering]]
[2022.12.23-07.15.01:160][  0]LogConfig: Setting CVar [[r.DOF.Gather.RingCount:4                 ; medium number of samples when gathering]]
[2022.12.23-07.15.01:160][  0]LogConfig: Setting CVar [[r.DOF.Scatter.ForegroundCompositing:1    ; additive foreground scattering]]
[2022.12.23-07.15.01:160][  0]LogConfig: Setting CVar [[r.DOF.Scatter.BackgroundCompositing:2    ; additive background scattering]]
[2022.12.23-07.15.01:160][  0]LogConfig: Setting CVar [[r.DOF.Scatter.EnableBokehSettings:1      ; bokeh simulation when scattering]]
[2022.12.23-07.15.01:160][  0]LogConfig: Setting CVar [[r.DOF.Scatter.MaxSpriteRatio:0.1         ; only a maximum of 10% of scattered bokeh]]
[2022.12.23-07.15.01:160][  0]LogConfig: Setting CVar [[r.DOF.Recombine.Quality:1                ; cheap slight out of focus]]
[2022.12.23-07.15.01:160][  0]LogConfig: Setting CVar [[r.DOF.Recombine.EnableBokehSettings:0    ; no bokeh simulation on slight out of focus]]
[2022.12.23-07.15.01:160][  0]LogConfig: Setting CVar [[r.DOF.TemporalAAQuality:1                ; more stable temporal accumulation]]
[2022.12.23-07.15.01:160][  0]LogConfig: Setting CVar [[r.DOF.Kernel.MaxForegroundRadius:0.025]]
[2022.12.23-07.15.01:160][  0]LogConfig: Setting CVar [[r.DOF.Kernel.MaxBackgroundRadius:0.025]]
[2022.12.23-07.15.01:160][  0]LogConfig: Applying CVar settings from Section [TextureQuality@3] File [C:/Users/User/Documents/Unreal Projects/MyProject4/Saved/Config/Windows/Scalability.ini]
[2022.12.23-07.15.01:160][  0]LogConfig: Setting CVar [[r.Streaming.MipBias:0]]
[2022.12.23-07.15.01:161][  0]LogConfig: Setting CVar [[r.Streaming.AmortizeCPUToGPUCopy:0]]
[2022.12.23-07.15.01:161][  0]LogConfig: Setting CVar [[r.Streaming.MaxNumTexturesToStreamPerFrame:0]]
[2022.12.23-07.15.01:161][  0]LogConfig: Setting CVar [[r.Streaming.Boost:1]]
[2022.12.23-07.15.01:161][  0]LogConfig: Setting CVar [[r.MaxAnisotropy:8]]
[2022.12.23-07.15.01:161][  0]LogConfig: Setting CVar [[r.VT.MaxAnisotropy:8]]
[2022.12.23-07.15.01:161][  0]LogConfig: Setting CVar [[r.Streaming.LimitPoolSizeToVRAM:0]]
[2022.12.23-07.15.01:161][  0]LogConfig: Setting CVar [[r.Streaming.PoolSize:1000]]
[2022.12.23-07.15.01:161][  0]LogConfig: Setting CVar [[r.Streaming.MaxEffectiveScreenSize:0]]
[2022.12.23-07.15.01:161][  0]LogConfig: Applying CVar settings from Section [EffectsQuality@3] File [C:/Users/User/Documents/Unreal Projects/MyProject4/Saved/Config/Windows/Scalability.ini]
[2022.12.23-07.15.01:161][  0]LogConfig: Setting CVar [[r.TranslucencyLightingVolumeDim:64]]
[2022.12.23-07.15.01:161][  0]LogConfig: Setting CVar [[r.RefractionQuality:2]]
[2022.12.23-07.15.01:161][  0]LogConfig: Setting CVar [[r.SSR.Quality:3]]
[2022.12.23-07.15.01:161][  0]LogConfig: Setting CVar [[r.SSR.HalfResSceneColor:0]]
[2022.12.23-07.15.01:161][  0]LogConfig: Setting CVar [[r.SceneColorFormat:4]]
[2022.12.23-07.15.01:161][  0]LogConfig: Setting CVar [[r.DetailMode:2]]
[2022.12.23-07.15.01:161][  0]LogConfig: Setting CVar [[r.TranslucencyVolumeBlur:1]]
[2022.12.23-07.15.01:161][  0]LogConfig: Setting CVar [[r.MaterialQualityLevel:1 ; High quality]]
[2022.12.23-07.15.01:161][  0]LogConfig: Setting CVar [[r.AnisotropicMaterials:1]]
[2022.12.23-07.15.01:161][  0]LogConfig: Setting CVar [[r.SSS.Scale:1]]
[2022.12.23-07.15.01:161][  0]LogConfig: Setting CVar [[r.SSS.SampleSet:2]]
[2022.12.23-07.15.01:161][  0]LogConfig: Setting CVar [[r.SSS.Quality:1]]
[2022.12.23-07.15.01:161][  0]LogConfig: Setting CVar [[r.SSS.HalfRes:0]]
[2022.12.23-07.15.01:161][  0]LogConfig: Setting CVar [[r.SSGI.Quality:3]]
[2022.12.23-07.15.01:161][  0]LogConfig: Setting CVar [[r.EmitterSpawnRateScale:1.0]]
[2022.12.23-07.15.01:161][  0]LogConfig: Setting CVar [[r.ParticleLightQuality:2]]
[2022.12.23-07.15.01:161][  0]LogConfig: Setting CVar [[r.SkyAtmosphere.AerialPerspectiveLUT.FastApplyOnOpaque:1 ; Always have FastSkyLUT 1 in this case to avoid wrong sky]]
[2022.12.23-07.15.01:161][  0]LogConfig: Setting CVar [[r.SkyAtmosphere.AerialPerspectiveLUT.SampleCountMaxPerSlice:4]]
[2022.12.23-07.15.01:161][  0]LogConfig: Setting CVar [[r.SkyAtmosphere.AerialPerspectiveLUT.DepthResolution:16.0]]
[2022.12.23-07.15.01:161][  0]LogConfig: Setting CVar [[r.SkyAtmosphere.FastSkyLUT:1]]
[2022.12.23-07.15.01:161][  0]LogConfig: Setting CVar [[r.SkyAtmosphere.FastSkyLUT.SampleCountMin:4.0]]
[2022.12.23-07.15.01:161][  0]LogConfig: Setting CVar [[r.SkyAtmosphere.FastSkyLUT.SampleCountMax:128.0]]
[2022.12.23-07.15.01:161][  0]LogConfig: Setting CVar [[r.SkyAtmosphere.SampleCountMin:4.0]]
[2022.12.23-07.15.01:161][  0]LogConfig: Setting CVar [[r.SkyAtmosphere.SampleCountMax:128.0]]
[2022.12.23-07.15.01:162][  0]LogConfig: Setting CVar [[r.SkyAtmosphere.TransmittanceLUT.UseSmallFormat:0]]
[2022.12.23-07.15.01:162][  0]LogConfig: Setting CVar [[r.SkyAtmosphere.TransmittanceLUT.SampleCount:10.0]]
[2022.12.23-07.15.01:162][  0]LogConfig: Setting CVar [[r.SkyAtmosphere.MultiScatteringLUT.SampleCount:15.0]]
[2022.12.23-07.15.01:162][  0]LogConfig: Setting CVar [[r.SkyLight.RealTimeReflectionCapture:1]]
[2022.12.23-07.15.01:162][  0]LogConfig: Applying CVar settings from Section [FoliageQuality@3] File [C:/Users/User/Documents/Unreal Projects/MyProject4/Saved/Config/Windows/Scalability.ini]
[2022.12.23-07.15.01:162][  0]LogConfig: Setting CVar [[foliage.DensityScale:1.0]]
[2022.12.23-07.15.01:162][  0]LogConfig: Setting CVar [[grass.DensityScale:1.0]]
[2022.12.23-07.15.01:162][  0]LogConfig: Applying CVar settings from Section [ShadingQuality@3] File [C:/Users/User/Documents/Unreal Projects/MyProject4/Saved/Config/Windows/Scalability.ini]
[2022.12.23-07.15.01:162][  0]LogConfig: Setting CVar [[r.HairStrands.SkyLighting.IntegrationType:2]]
[2022.12.23-07.15.01:162][  0]LogConfig: Setting CVar [[r.HairStrands.SkyAO.SampleCount:4]]
[2022.12.23-07.15.01:162][  0]LogConfig: Setting CVar [[r.HairStrands.Visibility.MSAA.SamplePerPixel:4]]
[2022.12.23-07.15.01:162][  0]LogConfig: Applying CVar settings from Section [Startup] File [../../../Engine/Config/ConsoleVariables.ini]
[2022.12.23-07.15.01:162][  0]LogConfig: Setting CVar [[net.UseAdaptiveNetUpdateFrequency:0]]
[2022.12.23-07.15.01:162][  0]LogConfig: Setting CVar [[p.chaos.AllowCreatePhysxBodies:1]]
[2022.12.23-07.15.01:162][  0]LogConfig: Setting CVar [[fx.SkipVectorVMBackendOptimizations:1]]
[2022.12.23-07.15.01:163][  0]LogConfig: Applying CVar settings from Section [ConsoleVariables] File [C:/Users/User/Documents/Unreal Projects/MyProject4/Saved/Config/Windows/Engine.ini]
[2022.12.23-07.15.01:163][  0]LogConfig: Applying CVar settings from Section [ConsoleVariables] File [C:/Users/User/Documents/Unreal Projects/MyProject4/Saved/Config/Windows/Editor.ini]
[2022.12.23-07.15.01:163][  0]LogInit: Computer: LAPTOP-HQT2R73I
[2022.12.23-07.15.01:163][  0]LogInit: User: User
[2022.12.23-07.15.01:163][  0]LogInit: CPU Page size=4096, Cores=2
[2022.12.23-07.15.01:163][  0]LogInit: High frequency timer resolution =10.000000 MHz
[2022.12.23-07.15.01:163][  0]LogMemory: Memory total: Physical=15.9GB (16GB approx)
[2022.12.23-07.15.01:163][  0]LogMemory: Platform Memory Stats for Windows
[2022.12.23-07.15.01:163][  0]LogMemory: Process Physical Memory: 142.41 MB used, 142.41 MB peak
[2022.12.23-07.15.01:163][  0]LogMemory: Process Virtual Memory: 127.26 MB used, 127.26 MB peak
[2022.12.23-07.15.01:163][  0]LogMemory: Physical Memory: 7897.27 MB used,  8367.89 MB free, 16265.16 MB total
[2022.12.23-07.15.01:163][  0]LogMemory: Virtual Memory: 134205432.00 MB used,  12294.64 MB free, 134217728.00 MB total
[2022.12.23-07.15.01:174][  0]LogWindows: WindowsPlatformFeatures enabled
[2022.12.23-07.15.01:277][  0]LogInit: Physics initialised using underlying interface: PhysX
[2022.12.23-07.15.01:278][  0]LogInit: Using OS detected language (ru-RU).
[2022.12.23-07.15.01:278][  0]LogInit: Using OS detected locale (ru-RU).
[2022.12.23-07.15.01:288][  0]LogTextLocalizationManager: No specific localization for 'ru-RU' exists, so the 'ru' localization will be used.
[2022.12.23-07.15.01:288][  0]LogTextLocalizationResource: LocRes '../../../Engine/Content/Localization/Editor/ru/Editor.locres' could not be opened for reading!
[2022.12.23-07.15.01:289][  0]LogTextLocalizationResource: LocRes '../../../Engine/Content/Localization/EditorTutorials/ru/EditorTutorials.locres' could not be opened for reading!
[2022.12.23-07.15.01:289][  0]LogTextLocalizationResource: LocRes '../../../Engine/Content/Localization/Keywords/ru/Keywords.locres' could not be opened for reading!
[2022.12.23-07.15.01:289][  0]LogTextLocalizationResource: LocRes '../../../Engine/Content/Localization/Category/ru/Category.locres' could not be opened for reading!
[2022.12.23-07.15.01:289][  0]LogTextLocalizationResource: LocRes '../../../Engine/Content/Localization/ToolTips/ru/ToolTips.locres' could not be opened for reading!
[2022.12.23-07.15.01:290][  0]LogTextLocalizationResource: LocRes '../../../Engine/Content/Localization/PropertyNames/ru/PropertyNames.locres' could not be opened for reading!
[2022.12.23-07.15.01:290][  0]LogTextLocalizationResource: LocRes '../../../Engine/Content/Localization/Engine/ru/Engine.locres' could not be opened for reading!
[2022.12.23-07.15.01:292][  0]LogInit: Setting process to per monitor DPI aware
[2022.12.23-07.15.01:315][  0]LogWindowsTextInputMethodSystem: Display: IME system deactivated.
[2022.12.23-07.15.01:338][  0]LogSlate: New Slate User Created.  User Index 0, Is Virtual User: 0
[2022.12.23-07.15.01:338][  0]LogSlate: Slate User Registered.  User Index 0, Is Virtual User: 0
[2022.12.23-07.15.01:738][  0]LogD3D11RHI: Loaded GFSDK_Aftermath_Lib.x64.dll
[2022.12.23-07.15.01:795][  0]LogHMD: Failed to initialize OpenVR with code 110
[2022.12.23-07.15.01:795][  0]LogD3D11RHI: D3D11 min allowed feature level: 11_0
[2022.12.23-07.15.01:795][  0]LogD3D11RHI: D3D11 max allowed feature level: 11_0
[2022.12.23-07.15.01:795][  0]LogD3D11RHI: D3D11 adapters:
[2022.12.23-07.15.01:998][  0]LogD3D11RHI:    0. 'NVIDIA GeForce 940MX' (Feature Level 11_0)
[2022.12.23-07.15.01:998][  0]LogD3D11RHI:       4055/0/8132 MB DedicatedVideo/DedicatedSystem/SharedSystem, Outputs:1, VendorId:0x10de
[2022.12.23-07.15.02:014][  0]LogD3D11RHI:    1. 'Intel(R) HD Graphics 620' (Feature Level 11_0)
[2022.12.23-07.15.02:014][  0]LogD3D11RHI:       128/0/8132 MB DedicatedVideo/DedicatedSystem/SharedSystem, Outputs:0, VendorId:0x8086
[2022.12.23-07.15.02:018][  0]LogD3D11RHI:    2. 'Microsoft Basic Render Driver' (Feature Level 11_0)
[2022.12.23-07.15.02:018][  0]LogD3D11RHI:       0/0/8132 MB DedicatedVideo/DedicatedSystem/SharedSystem, Outputs:0, VendorId:0x1414
[2022.12.23-07.15.02:018][  0]LogD3D11RHI: Chosen D3D11 Adapter:
[2022.12.23-07.15.02:018][  0]LogD3D11RHI:     Description : NVIDIA GeForce 940MX
[2022.12.23-07.15.02:018][  0]LogD3D11RHI:     VendorId    : 10de
[2022.12.23-07.15.02:018][  0]LogD3D11RHI:     DeviceId    : 134d
[2022.12.23-07.15.02:018][  0]LogD3D11RHI:     SubSysId    : 834d103c
[2022.12.23-07.15.02:018][  0]LogD3D11RHI:     Revision    : 00a2
[2022.12.23-07.15.02:018][  0]LogD3D11RHI:     DedicatedVideoMemory : 4252762112 bytes
[2022.12.23-07.15.02:018][  0]LogD3D11RHI:     DedicatedSystemMemory : 0 bytes
[2022.12.23-07.15.02:018][  0]LogD3D11RHI:     SharedSystemMemory : 8527628288 bytes
[2022.12.23-07.15.02:018][  0]LogD3D11RHI:     AdapterLuid : 0 76261
[2022.12.23-07.15.02:028][  0]LogD3D11RHI: Creating new Direct3DDevice
[2022.12.23-07.15.02:028][  0]LogD3D11RHI:     GPU DeviceId: 0x134d (for the marketing name, search the web for "GPU Device Id")
[2022.12.23-07.15.02:029][  0]LogWindows: EnumDisplayDevices:
[2022.12.23-07.15.02:029][  0]LogWindows:    0. 'Intel(R) HD Graphics 620' (P:1 D:1)
[2022.12.23-07.15.02:029][  0]LogWindows:    1. 'Intel(R) HD Graphics 620' (P:0 D:0)
[2022.12.23-07.15.02:030][  0]LogWindows:    2. 'Intel(R) HD Graphics 620' (P:0 D:0)
[2022.12.23-07.15.02:030][  0]LogWindows: DebugString: PrimaryIsNotTheChoosenAdapter PrimaryIsNotTheChoosenAdapter PrimaryIsNotTheChoosenAdapter FoundDriverCount:0 
[2022.12.23-07.15.02:030][  0]LogD3D11RHI:     Adapter Name: NVIDIA GeForce 940MX
[2022.12.23-07.15.02:030][  0]LogD3D11RHI:   Driver Version: Unknown (internal:Unknown, unified:Unknown)
[2022.12.23-07.15.02:030][  0]LogD3D11RHI:      Driver Date: Unknown
[2022.12.23-07.15.02:030][  0]LogRHI: Texture pool is 2839 MB (70% of 4055 MB)
[2022.12.23-07.15.02:030][  0]LogD3D11RHI: Creating D3DDevice using adapter:
[2022.12.23-07.15.02:031][  0]LogD3D11RHI:     Description : NVIDIA GeForce 940MX
[2022.12.23-07.15.02:031][  0]LogD3D11RHI:     VendorId    : 10de
[2022.12.23-07.15.02:031][  0]LogD3D11RHI:     DeviceId    : 134d
[2022.12.23-07.15.02:031][  0]LogD3D11RHI:     SubSysId    : 834d103c
[2022.12.23-07.15.02:031][  0]LogD3D11RHI:     Revision    : 00a2
[2022.12.23-07.15.02:031][  0]LogD3D11RHI:     DedicatedVideoMemory : 4252762112 bytes
[2022.12.23-07.15.02:031][  0]LogD3D11RHI:     DedicatedSystemMemory : 0 bytes
[2022.12.23-07.15.02:031][  0]LogD3D11RHI:     SharedSystemMemory : 8527628288 bytes
[2022.12.23-07.15.02:031][  0]LogD3D11RHI:     AdapterLuid : 0 76261
[2022.12.23-07.15.02:179][  0]LogD3D11RHI: RHI has support for 64 bit atomics
[2022.12.23-07.15.02:179][  0]LogD3D11RHI: Async texture creation enabled
[2022.12.23-07.15.02:201][  0]LogD3D11RHI: GPU Timing Frequency: 1000.000000 (Debug: 2 1)
[2022.12.23-07.15.02:294][  0]LogRHI: GeForceNow SDK initialized: 1
[2022.12.23-07.15.02:933][  0]LogTargetPlatformManager: Display: Loaded TargetPlatform 'AllDesktop'
[2022.12.23-07.15.02:973][  0]LogTargetPlatformManager: Display: Loaded TargetPlatform 'Android'
[2022.12.23-07.15.02:973][  0]LogTargetPlatformManager: Display: Loaded TargetPlatform 'Android_ASTC'
[2022.12.23-07.15.02:973][  0]LogTargetPlatformManager: Display: Loaded TargetPlatform 'Android_DXT'
[2022.12.23-07.15.02:973][  0]LogTargetPlatformManager: Display: Loaded TargetPlatform 'Android_ETC2'
[2022.12.23-07.15.02:973][  0]LogTargetPlatformManager: Display: Loaded TargetPlatform 'AndroidClient'
[2022.12.23-07.15.02:973][  0]LogTargetPlatformManager: Display: Loaded TargetPlatform 'Android_ASTCClient'
[2022.12.23-07.15.02:973][  0]LogTargetPlatformManager: Display: Loaded TargetPlatform 'Android_DXTClient'
[2022.12.23-07.15.02:973][  0]LogTargetPlatformManager: Display: Loaded TargetPlatform 'Android_ETC2Client'
[2022.12.23-07.15.02:973][  0]LogTargetPlatformManager: Display: Loaded TargetPlatform 'Android_Multi'
[2022.12.23-07.15.02:973][  0]LogTargetPlatformManager: Display: Loaded TargetPlatform 'Android_MultiClient'
[2022.12.23-07.15.03:007][  0]LogTargetPlatformManager: Display: Loaded TargetPlatform 'IOSClient'
[2022.12.23-07.15.03:007][  0]LogTargetPlatformManager: Display: Loaded TargetPlatform 'IOS'
[2022.12.23-07.15.03:026][  0]LogTargetPlatformManager: Display: Loaded TargetPlatform 'Linux'
[2022.12.23-07.15.03:036][  0]LogTargetPlatformManager: Display: Loaded TargetPlatform 'LinuxNoEditor'
[2022.12.23-07.15.03:044][  0]LogTargetPlatformManager: Display: Loaded TargetPlatform 'LinuxClient'
[2022.12.23-07.15.03:052][  0]LogTargetPlatformManager: Display: Loaded TargetPlatform 'LinuxServer'
[2022.12.23-07.15.03:070][  0]LogTargetPlatformManager: Display: Loaded TargetPlatform 'LinuxAArch64NoEditor'
[2022.12.23-07.15.03:088][  0]LogTargetPlatformManager: Display: Loaded TargetPlatform 'LinuxAArch64Client'
[2022.12.23-07.15.03:097][  0]LogTargetPlatformManager: Display: Loaded TargetPlatform 'LinuxAArch64Server'
[2022.12.23-07.15.03:148][  0]LogTargetPlatformManager: Display: Loaded TargetPlatform 'Lumin'
[2022.12.23-07.15.03:148][  0]LogTargetPlatformManager: Display: Loaded TargetPlatform 'LuminClient'
[2022.12.23-07.15.03:166][  0]LogTargetPlatformManager: Display: Loaded TargetPlatform 'MacNoEditor'
[2022.12.23-07.15.03:176][  0]LogTargetPlatformManager: Display: Loaded TargetPlatform 'Mac'
[2022.12.23-07.15.03:184][  0]LogTargetPlatformManager: Display: Loaded TargetPlatform 'MacClient'
[2022.12.23-07.15.03:192][  0]LogTargetPlatformManager: Display: Loaded TargetPlatform 'MacServer'
[2022.12.23-07.15.03:214][  0]LogTargetPlatformManager: Display: Loaded TargetPlatform 'TVOSClient'
[2022.12.23-07.15.03:214][  0]LogTargetPlatformManager: Display: Loaded TargetPlatform 'TVOS'
[2022.12.23-07.15.03:235][  0]LogTargetPlatformManager: Display: Loaded TargetPlatform 'WindowsNoEditor'
[2022.12.23-07.15.03:245][  0]LogTargetPlatformManager: Display: Loaded TargetPlatform 'Windows'
[2022.12.23-07.15.03:255][  0]LogTargetPlatformManager: Display: Loaded TargetPlatform 'WindowsClient'
[2022.12.23-07.15.03:264][  0]LogTargetPlatformManager: Display: Loaded TargetPlatform 'WindowsServer'
[2022.12.23-07.15.03:264][  0]LogTargetPlatformManager: Display: Building Assets For Windows
[2022.12.23-07.15.03:279][  0]LogAudioDebug: Display: Lib vorbis DLL was dynamically loaded.
[2022.12.23-07.15.03:346][  0]LogTextureFormatOodle: Display: Oodle Texture 2.9.0 init RDO Off
[2022.12.23-07.15.03:421][  0]LogRendererCore: Ray tracing is disabled. Reason: r.RayTracing=0.
[2022.12.23-07.15.03:421][  0]LogShaderCompilers: Guid format shader working directory is -21 characters bigger than the processId version (../../../../../../Users/User/Documents/Unreal Projects/MyProject4/Intermediate/Shaders/WorkingDirectory/17952/).
[2022.12.23-07.15.03:421][  0]LogShaderCompilers: Cleaned the shader compiler working directory 'C:/Users/User/AppData/Local/Temp/UnrealShaderWorkingDir/5152238C483EE38670D1BE9479A91147/'.
[2022.12.23-07.15.03:421][  0]LogXGEController: Cannot use XGE Controller as Incredibuild is not installed on this machine.
[2022.12.23-07.15.03:422][  0]LogShaderCompilers: Cannot use XGE Shader Compiler as Incredibuild is not installed on this machine.
[2022.12.23-07.15.03:422][  0]LogShaderCompilers: Display: Using Local Shader Compiler.
[2022.12.23-07.15.04:781][  0]LogDerivedDataCache: Display: Max Cache Size: 512 MB
[2022.12.23-07.15.04:862][  0]LogDerivedDataCache: Loaded boot cache 0.08s 94MB C:/Users/User/AppData/Local/UnrealEngine/4.27/DerivedDataCache/Boot.ddc.
[2022.12.23-07.15.04:862][  0]LogDerivedDataCache: Display: Loaded Boot cache: C:/Users/User/AppData/Local/UnrealEngine/4.27/DerivedDataCache/Boot.ddc
[2022.12.23-07.15.04:862][  0]LogDerivedDataCache: FDerivedDataBackendGraph:  Pak pak cache file ../../../../../../Users/User/Documents/Unreal Projects/MyProject4/DerivedDataCache/DDC.ddp not found, will not use a pak cache.
[2022.12.23-07.15.04:862][  0]LogDerivedDataCache: Unable to find inner node Pak for hierarchical cache Hierarchy.
[2022.12.23-07.15.04:862][  0]LogDerivedDataCache: FDerivedDataBackendGraph:  CompressedPak pak cache file ../../../../../../Users/User/Documents/Unreal Projects/MyProject4/DerivedDataCache/Compressed.ddp not found, will not use a pak cache.
[2022.12.23-07.15.04:862][  0]LogDerivedDataCache: Unable to find inner node CompressedPak for hierarchical cache Hierarchy.
[2022.12.23-07.15.04:886][  0]LogDerivedDataCache: Display: Pak cache opened for reading ../../../Engine/DerivedDataCache/Compressed.ddp.
[2022.12.23-07.15.04:886][  0]LogDerivedDataCache: FDerivedDataBackendGraph:  EnterprisePak pak cache file ../../../Enterprise/DerivedDataCache/Compressed.ddp not found, will not use a pak cache.
[2022.12.23-07.15.04:886][  0]LogDerivedDataCache: Unable to find inner node EnterprisePak for hierarchical cache Hierarchy.
[2022.12.23-07.15.04:899][  0]LogDerivedDataCache: Speed tests for C:/Users/User/AppData/Local/UnrealEngine/Common/DerivedDataCache took 0.01 seconds
[2022.12.23-07.15.04:899][  0]LogDerivedDataCache: Display: Performance to C:/Users/User/AppData/Local/UnrealEngine/Common/DerivedDataCache: Latency=0.05ms. RandomReadSpeed=432.39MBs, RandomWriteSpeed=87.46MBs. Assigned SpeedClass 'Local'
[2022.12.23-07.15.04:902][  0]LogDerivedDataCache: Using Local data cache path C:/Users/User/AppData/Local/UnrealEngine/Common/DerivedDataCache: Writable
[2022.12.23-07.15.04:902][  0]LogDerivedDataCache: Shared data cache path not found in *engine.ini, will not use an Shared cache.
[2022.12.23-07.15.04:902][  0]LogDerivedDataCache: Unable to find inner node Shared for hierarchical cache Hierarchy.
[2022.12.23-07.15.04:988][  0]LogSlate: Using FreeType 2.10.0
[2022.12.23-07.15.04:989][  0]LogSlate: SlateFontServices - WITH_FREETYPE: 1, WITH_HARFBUZZ: 1
[2022.12.23-07.15.05:043][  0]LogAssetRegistry: FAssetRegistry took 0.0045 seconds to start up
[2022.12.23-07.15.05:466][  0]LogInit: Selected Device Profile: [Windows]
[2022.12.23-07.15.05:466][  0]LogInit: Active device profile: [00000275349AA000][000002752B3CA9C0 49] Windows
[2022.12.23-07.15.05:466][  0]LogInit: Profiles: [00000275349AA000][000002752B3CA9C0 49] Windows, [0000027534965B00][000002752B3D2B40 49] WindowsNoEditor, [00000275349A9900][000002752B3CEC80 49] WindowsServer, [0000027534967B00][000002752B3D6DC0 49] WindowsClient, [00000275349A9C00][000002753322CF00 49] IOS, [0000027534967F00][0000027533235080 49] iPadAir, [00000275349A9700][0000027533239200 49] iPadAir2, [0000027534921400][00000275332414C0 49] IPadPro, [0000027534921500][000002753323D500 49] iPadAir3, [00000275349ABE00][0000027533245680 49] iPadAir4, [0000027534923500][0000027533249800 49] iPadMini2, [00000275349A8500][000002753324D980 49] iPadMini3, [0000027534920800][00000275284C3B00 49] iPadMini4, [00000275349AB200][00000275284C6100 49] iPadMini5, [0000027534950D00][00000275284CE3C0 49] iPhone6, [0000027534950E00][00000275284CA400 49] iPodTouch6, [0000027534965700][00000275284D66C0 49] iPhone7, [0000027534967D00][00000275284D2700 49] iPodTouch7, [0000027534952F00][00000275284DA880 49] iPhone5S, [0000027534965500][00000275284DEA00 49] iPhone6Plus, [0000027534950600][00000275284E2B80 49] iPhone6S, [0000027534966E00][00000275284E6D00 49] iPhone6SPlus, [0000027534951F00][0000027533230E40 49] iPhone7Plus, [0000027534964C00][00000275284EAF80 49] iPhoneSE, [0000027534953300][00000275332510C0 49] iPhone8, [0000027534966100][0000027533259240 49] iPhone8Plus, [0000027534953000][000002753325D3C0 49] iPhoneX, [0000027534965600][0000027533261540 49] iPhoneXS, [0000027534951A00][00000275332656C0 49] iPhoneXSMax, [0000027534966900][0000027533269840 49] iPhoneXR, [0000027534953100][000002753326D9C0 49] iPhone11, [0000027534966D00][0000027533271B40 49] iPhone11Pro, [0000027534951000][0000027533274140 49] iPhone11ProMax, [0000027534965300][00000275332782C0 49] iPhoneSE2, [0000027534951800][000002753327C440 49] iPhone12Mini, [0000027534964F00][00000275332805C0 49] iPhone12, [0000027534952400][0000027533284740 49] iPhone12Pro, [0000027534967500][00000275332888C0 49] iPhone12ProMax, [0000027534950700][000002753328CA40 49] iPadPro105, [0000027534967100][00000275352A0BC0 49] iPadPro129, [0000027534953700][00000275352A4D40 49] iPadPro97, [0000027534965400][00000275352A8EC0 49] iPadPro2_129, [0000027534952E00][0000027533255000 49] iPad5, [00000275349A8E00][00000275352AD140 49] iPad6, [00000275349ED500][00000275352B1280 49] iPad7, [0000027534951700][00000275352B53C0 49] iPad8, [0000027534966F00][00000275352BD540 49] iPadPro11, [0000027534952D00][00000275352C16C0 49] iPadPro2_11, [0000027534964900][00000275352C5840 49] iPadPro3_129, [0000027534950300][00000275352C99C0 49] iPadPro4_129, [0000027534965000][00000275352CDB40 49] AppleTV, [0000027534953E00][00000275353B0140 49] AppleTV4K, [0000027534964200][000002752EFEC2C0 49] TVOS, [0000027534951E00][000002752EFF0440 49] Mac, [0000027534964500][000002752EFF45C0 49] MacClient, [0000027534953D00][000002752EFF8740 49] MacNoEditor, [0000027534965100][000002752EFFC8C0 49] MacServer, [0000027534952300][000002752F000A40 49] Linux, [0000027534966300][000002752F004BC0 49] LinuxAArch64, [0000027534951400][000002752F008D40 49] LinuxNoEditor, [0000027534966400][000002752F00CEC0 49] LinuxAArch64NoEditor, [0000027534953500][000002752F011040 49] LinuxClient, [0000027534964100][00000275352B9180 49] LinuxAArch64Client, [00000275349ECD00][000002752F0152C0 49] LinuxServer, [0000027534967300][000002752F019400 49] LinuxAArch64Server, [0000027534953600][000002752F01D540 49] Android, [0000027534966500][000002752F0256C0 49] Android_Low, [0000027534951B00][000002752F029840 49] Android_Mid, [0000027534967400][000002752F02D9C0 49] Android_High, [0000027534951100][000002752F031B40 49] Android_Default, [0000027534965800][000002752F034140 49] Android_Adreno4xx, [0000027534952B00][000002752F0382C0 49] Android_Adreno5xx_Low, [0000027534967200][000002752F03C440 49] Android_Adreno5xx, [0000027534950100][000002752F0405C0 49] Android_Adreno6xx, [0000027534966200][000002752F044740 49] Android_Adreno6xx_Vulkan, [0000027534950800][000002752F0488C0 49] Android_Mali_T6xx, [0000027534967700][000002752F04CA40 49] Android_Mali_T7xx, [0000027534950A00][000002752F050BC0 49] Android_Mali_T8xx, [0000027534965D00][000002752F054D40 49] Android_Mali_G71, [0000027534950500][000002752F058EC0 49] Android_Mali_G72, [0000027534966000][000002752F05D040 49] Android_Mali_G72_Vulkan, [0000027534952C00][000002752F0611C0 49] Android_Mali_G76, [0000027534966700][000002752F065340 49] Android_Mali_G76_Vulkan, [0000027534952100][000002752F021480 49] Android_Mali_G77, [0000027534965A00][000002752ECC35C0 49] Android_Mali_G77_Vulkan, [0000027534951D00][000002752ECC7700 49] Android_Mali_G78, [0000027534964700][000002752ECCF880 49] Android_Mali_G78_Vulkan, [0000027534922400][000002752ECD3A00 49] Android_Mali_G710, [0000027534967000][000002752ECD7B80 49] Android_Mali_G710_Vulkan, [0000027534923E00][000002752ECDA180 49] Android_Vulkan_SM5, [00000275349EC700][000002752ECDE300 49] Android_PowerVR_G6xxx, [0000027534922600][000002752ECE2480 49] Android_PowerVR_GT7xxx, [0000027534964600][000002752ECE6600 49] Android_PowerVR_GE8xxx, [00000275349A9A00][000002752ECEA780 49] Android_PowerVR_GM9xxx, [0000027534950C00][000002752ECEE900 49] Android_PowerVR_GM9xxx_Vulkan, [00000275349A9200][000002752ECF2A80 49] Android_TegraK1, [0000027534950200][000002752ECF6C00 49] Android_Unknown_Vulkan, [00000275349A8400][000002752ECFAD80 49] Lumin, [0000027534953400][000002752ECFEF00 49] Lumin_Desktop, [00000275349AA800][000002752ED03080 49] HoloLens, 
[2022.12.23-07.15.05:704][  0]LogMeshReduction: Using QuadricMeshReduction for automatic static mesh reduction
[2022.12.23-07.15.05:704][  0]LogMeshReduction: Using SimplygonMeshReduction for automatic skeletal mesh reduction
[2022.12.23-07.15.05:704][  0]LogMeshReduction: Using ProxyLODMeshReduction for automatic mesh merging
[2022.12.23-07.15.05:704][  0]LogMeshReduction: No distributed automatic mesh merging module available
[2022.12.23-07.15.05:704][  0]LogMeshMerging: No distributed automatic mesh merging module available
[2022.12.23-07.15.05:730][  0]LogNetVersion: MyProject4 1.0.0, NetCL: 17155196, EngineNetVer: 17, GameNetVer: 0 (Checksum: 4146347907)
[2022.12.23-07.15.06:551][  0]LogTexture: Default maximum texture size for cubemaps generated from long-lat sources has been changed from 512 to unlimited. In order to preserve old behaiour for '/Engine/MapTemplates/Sky/DaylightAmbientCubemap.DaylightAmbientCubemap', its maximum texture size has been explicitly set to 512.
[2022.12.23-07.15.06:647][  0]LogHMD: PokeAHoleMaterial loaded successfully
[2022.12.23-07.15.06:658][  0]LogUObjectArray: 17178 objects as part of root set at end of initial load.
[2022.12.23-07.15.06:658][  0]LogUObjectAllocator: 4302048 out of 0 bytes used by permanent object pool.
[2022.12.23-07.15.06:658][  0]LogUObjectArray: CloseDisregardForGC: 0/0 objects in disregard for GC pool
[2022.12.23-07.15.07:197][  0]LogNiagaraDebuggerClient: Niagara Debugger Client Initialized | Session: B04873E14241CD91BD6F1489FCEDABAF | Instance: B7FE924C4B5807F561447787522F304A (LAPTOP-HQT2R73I-17952).
[2022.12.23-07.15.07:262][  0]LogPython: Using Python 3.7.7
[2022.12.23-07.15.08:376][  0]LogTcpMessaging: Initializing TcpMessaging bridge
[2022.12.23-07.15.08:383][  0]LogUdpMessaging: Initializing bridge on interface 0.0.0.0:0 to multicast group 230.0.0.1:6666.
[2022.12.23-07.15.08:654][  0]SourceControl: Source control is disabled
[2022.12.23-07.15.08:655][  0]SourceControl: Source control is disabled
[2022.12.23-07.15.08:660][  0]SourceControl: Source control is disabled
[2022.12.23-07.15.08:665][  0]SourceControl: Source control is disabled
[2022.12.23-07.15.08:684][  0]SourceControl: Source control is disabled
[2022.12.23-07.15.08:696][  0]LogUProjectInfo: Found projects:
[2022.12.23-07.15.09:076][  0]LogOpenImageDenoise: OIDN starting up
[2022.12.23-07.15.09:161][  0]LogAndroidPermission: UAndroidPermissionCallbackProxy::GetInstance
[2022.12.23-07.15.09:202][  0]LogAudioCaptureCore: Display: No Audio Capture implementations found. Audio input will be silent.
[2022.12.23-07.15.09:202][  0]LogAudioCaptureCore: Display: No Audio Capture implementations found. Audio input will be silent.
[2022.12.23-07.15.09:443][  0]LogCollectionManager: Loaded 0 collections in 0.002828 seconds
[2022.12.23-07.15.09:492][  0]LogFileCache: Scanning file cache for directory 'C:/Users/User/Documents/Unreal Projects/MyProject4/Saved/Collections/' took 0.00s
[2022.12.23-07.15.09:492][  0]LogFileCache: Scanning file cache for directory 'C:/Users/User/Documents/Unreal Projects/MyProject4/Content/Developers/User/Collections/' took 0.00s
[2022.12.23-07.15.09:492][  0]LogFileCache: Scanning file cache for directory 'C:/Users/User/Documents/Unreal Projects/MyProject4/Content/Collections/' took 0.00s
[2022.12.23-07.15.09:492][  0]LogOcInput: OculusInput pre-init called
[2022.12.23-07.15.10:033][  0]LogEngine: Initializing Engine...
[2022.12.23-07.15.10:105][  0]LogHMD: Failed to enumerate extensions. Please check that you have a valid OpenXR runtime installed.
[2022.12.23-07.15.10:105][  0]LogHMD: Failed to initialize OpenVR with code 110
[2022.12.23-07.15.10:105][  0]LogMagicLeap: Warning: VR disabled because ZI is not enabled.  To enable, in the editor, Edit -> Project Settings -> Plugins -> Magic Leap Plugin -> Enable Zero Iteration
[2022.12.23-07.15.10:106][  0]LogStats: UGameplayTagsManager::InitializeManager -  0.000 s
[2022.12.23-07.15.10:330][  0]LogInit: Initializing FReadOnlyCVARCache
[2022.12.23-07.15.10:346][  0]LogAIModule: Creating AISystem for world Untitled
[2022.12.23-07.15.10:347][  0]LogAudio: Display: Initializing Audio Device Manager...
[2022.12.23-07.15.10:354][  0]LogAudio: Display: Loading Default Audio Settings Objects...
[2022.12.23-07.15.10:355][  0]LogAudio: Display: No default SoundConcurrencyObject specified (or failed to load).
[2022.12.23-07.15.10:356][  0]LogAudio: Display: Audio Device Manager Initialized
[2022.12.23-07.15.10:356][  0]LogAudio: Display: Creating Audio Device:                 Id: 1, Scope: Shared, Realtime: True
[2022.12.23-07.15.10:356][  0]LogAudioMixer: Display: Audio Mixer Platform Settings:
[2022.12.23-07.15.10:356][  0]LogAudioMixer: Display: 	Sample Rate:						  48000
[2022.12.23-07.15.10:356][  0]LogAudioMixer: Display: 	Callback Buffer Frame Size Requested: 1024
[2022.12.23-07.15.10:356][  0]LogAudioMixer: Display: 	Callback Buffer Frame Size To Use:	  1024
[2022.12.23-07.15.10:356][  0]LogAudioMixer: Display: 	Number of buffers to queue:			  2
[2022.12.23-07.15.10:356][  0]LogAudioMixer: Display: 	Max Channels (voices):				  32
[2022.12.23-07.15.10:356][  0]LogAudioMixer: Display: 	Number of Async Source Workers:		  0
[2022.12.23-07.15.10:356][  0]LogAudio: Display: AudioDevice MaxSources: 32
[2022.12.23-07.15.10:357][  0]LogAudio: Display: Audio Spatialization Plugin: None (built-in).
[2022.12.23-07.15.10:357][  0]LogAudio: Display: Audio Reverb Plugin: None (built-in).
[2022.12.23-07.15.10:357][  0]LogAudio: Display: Audio Occlusion Plugin: None (built-in).
[2022.12.23-07.15.10:357][  0]LogAudioMixer: Display: Initializing audio mixer.
[2022.12.23-07.15.10:384][  0]LogAudioMixer: Display: 0: FrontLeft
[2022.12.23-07.15.10:384][  0]LogAudioMixer: Display: 1: FrontRight
[2022.12.23-07.15.10:430][  0]LogAudioMixer: Display: Using Audio Device Громкоговоритель и наушники (Realtek High Definition Audio(SST))
[2022.12.23-07.15.10:434][  0]LogAudioMixer: Display: Initializing Sound Submixes...
[2022.12.23-07.15.10:439][  0]LogAudioMixer: Display: Creating Master Submix 'MasterSubmixDefault'
[2022.12.23-07.15.10:439][  0]LogAudioMixer: Display: Creating Master Submix 'MasterReverbSubmixDefault'
[2022.12.23-07.15.10:440][  0]LogAudioMixer: Display: Creating Master Submix 'MasterEQSubmixDefault'
[2022.12.23-07.15.10:440][  0]LogAudioMixer: FMixerPlatformXAudio2::StartAudioStream() called
[2022.12.23-07.15.10:440][  0]LogAudioMixer: Display: Output buffers initialized: Frames=1024, Channels=2, Samples=2048
[2022.12.23-07.15.10:442][  0]LogAudioMixer: Display: Starting AudioMixerPlatformInterface::RunInternal()
[2022.12.23-07.15.10:442][  0]LogAudioMixer: Display: FMixerPlatformXAudio2::SubmitBuffer() called for the first time
[2022.12.23-07.15.10:442][  0]LogInit: FAudioDevice initialized.
[2022.12.23-07.15.10:443][  0]LogAudio: Display: Audio Device (ID: 1) registered with world 'Untitled'.
[2022.12.23-07.15.10:443][  0]LogNetVersion: Set ProjectVersion to 1.0.0.0. Version Checksum will be recalculated on next use.
[2022.12.23-07.15.10:567][  0]LogDerivedDataCache: Saved boot cache 0.12s 94MB C:/Users/User/AppData/Local/UnrealEngine/4.27/DerivedDataCache/Boot.ddc.
[2022.12.23-07.15.10:567][  0]LogInit: Texture streaming: Enabled
[2022.12.23-07.15.10:588][  0]LogAnalytics: Display: [UEEditor.Rocket.Release] APIServer = https://datarouter.ol.epicgames.com/. AppVersion = 4.27.2-18319896+++UE4+Release-4.27
[2022.12.23-07.15.10:595][  0]LogEngineSessionManager: EngineSessionManager initialized
[2022.12.23-07.15.10:595][  0]LogEditorSessionSummary: Verbose: Initializing EditorSessionSummaryWriter for editor session tracking
[2022.12.23-07.15.10:597][  0]LogEditorSessionSummary: EditorSessionSummaryWriter initialized
[2022.12.23-07.15.10:635][  0]LogInit: Transaction tracking system initialized
[2022.12.23-07.15.10:674][  0]BlueprintLog: New page: Editor Load
[2022.12.23-07.15.10:953][  0]LocalizationService: Localization service is disabled
[2022.12.23-07.15.10:999][  0]TimingProfiler: Initialize
[2022.12.23-07.15.10:999][  0]TimingProfiler: OnSessionChanged
[2022.12.23-07.15.10:999][  0]LoadingProfiler: Initialize
[2022.12.23-07.15.10:999][  0]LoadingProfiler: OnSessionChanged
[2022.12.23-07.15.10:999][  0]NetworkingProfiler: Initialize
[2022.12.23-07.15.10:999][  0]NetworkingProfiler: OnSessionChanged
[2022.12.23-07.15.10:999][  0]MemoryProfiler: Initialize
[2022.12.23-07.15.10:999][  0]MemoryProfiler: OnSessionChanged
[2022.12.23-07.15.11:201][  0]LogSlate: Took 0.000243 seconds to synchronously load lazily loaded font '../../../Engine/Content/Slate/Fonts/Roboto-Regular.ttf' (155K)
[2022.12.23-07.15.45:212][  0]LogSlate: Window 'Low drive space warning' being destroyed
[2022.12.23-07.15.45:212][  0]LogWindowsTextInputMethodSystem: Display: IME system deactivated.
[2022.12.23-07.15.45:217][  0]Message dialog closed, result: Cancel, title: Low drive space warning, text: The following drive locations have limited free space.
It is recommended that you free some space to avoid issues such as crashed and data loss due to files not being able to be written and saved.

  2 754 MB Free 		 C:/Program Files/Epic Games/UE_4.27/Engine/Binaries/Win64/
 				 The base engine directory. 

  2 754 MB Free 		 C:/Users/User/Documents/Unreal Projects/MyProject4/
 				 The project directory. 

[2022.12.23-07.15.45:500][  0]LogCook: Display: CookSettings for Memory: MemoryMaxUsedVirtual 0MiB, MemoryMaxUsedPhysical 16384MiB, MemoryMinFreeVirtual 0MiB, MemoryMinFreePhysical 1024MiB
[2022.12.23-07.15.45:500][  0]LogCook: Display: Mobile HDR setting 1
[2022.12.23-07.15.45:789][  0]LogFileCache: Scanning file cache for directory 'C:/Users/User/Documents/Unreal Projects/MyProject4/Content/' took 0.01s
[2022.12.23-07.15.46:188][  0]LogInit: Display: Engine is initialized. Leaving FEngineLoop::Init()
[2022.12.23-07.15.46:192][  0]SourceControl: Source control is disabled
[2022.12.23-07.15.46:192][  0]LogUnrealEdMisc: Loading editor; pre map load, took 47.893
[2022.12.23-07.15.46:192][  0]Cmd: MAP LOAD FILE="../../../../../../Users/User/Documents/Unreal Projects/MyProject4/Content/ThirdPersonBP/Maps/ThirdPersonExampleMap.umap" TEMPLATE=0 SHOWPROGRESS=1 FEATURELEVEL=3
[2022.12.23-07.15.46:193][  0]LightingResults: New page: Lighting Build
[2022.12.23-07.15.46:195][  0]LogWorld: UWorld::CleanupWorld for Untitled, bSessionEnded=true, bCleanupResources=true
[2022.12.23-07.15.46:195][  0]LogSlate: InvalidateAllWidgets triggered.  All widgets were invalidated
[2022.12.23-07.15.46:195][  0]MapCheck: New page: Map Check
[2022.12.23-07.15.46:195][  0]LightingResults: New page: Lighting Build
[2022.12.23-07.15.46:201][  0]LogAudio: Display: Audio Device unregistered from world 'None'.
[2022.12.23-07.15.46:204][  0]LogUObjectHash: Compacting FUObjectHashTables data took   0.81ms
[2022.12.23-07.15.46:585][  0]LogAudio: Display: Audio Device (ID: 1) registered with world 'ThirdPersonExampleMap'.
[2022.12.23-07.15.46:587][  0]LogAIModule: Creating AISystem for world ThirdPersonExampleMap
[2022.12.23-07.15.46:602][  0]LogEditorServer: Finished looking for orphan Actors (0.000 secs)
[2022.12.23-07.15.46:619][  0]LogUObjectHash: Compacting FUObjectHashTables data took   0.85ms
[2022.12.23-07.15.46:621][  0]Cmd: MAP CHECKDEP NOCLEARLOG
[2022.12.23-07.15.46:621][  0]MapCheck: Map check complete: 0 Error(s), 0 Warning(s), took 0,18ms to complete.
[2022.12.23-07.15.46:621][  0]LogFileHelpers: Loading map 'ThirdPersonExampleMap' took 0.429
[2022.12.23-07.15.46:624][  0]LogUnrealEdMisc: Total Editor Startup Time, took 48.325
[2022.12.23-07.15.46:701][  0]LogWindowsTextInputMethodSystem: Display: IME system deactivated.
[2022.12.23-07.15.46:758][  0]LogSlate: Updating window title bar state: overlay mode, drag disabled, window buttons hidden, title bar hidden
[2022.12.23-07.15.46:767][  0]LogSlate: Updating window title bar state: overlay mode, drag disabled, window buttons hidden, title bar hidden
[2022.12.23-07.15.46:774][  0]LogSlate: Updating window title bar state: overlay mode, drag disabled, window buttons hidden, title bar hidden
[2022.12.23-07.15.46:781][  0]LogSlate: Updating window title bar state: overlay mode, drag disabled, window buttons hidden, title bar hidden
[2022.12.23-07.15.46:801][  0]LogNativeClassHierarchy: Verbose: Native class hierarchy populated in 0.0139 seconds. Added 3822 classes and 928 folders.
[2022.12.23-07.15.46:804][  0]LogNativeClassHierarchy: Verbose: Native class hierarchy updated for 'WidgetCarousel' in 0.0003 seconds. Added 0 classes and 0 folders.
[2022.12.23-07.15.46:808][  0]LogPakFile: PakFile PrimaryIndexSize=187
[2022.12.23-07.15.46:808][  0]LogPakFile: PakFile PathHashIndexSize=101
[2022.12.23-07.15.46:808][  0]LogPakFile: PakFile FullDirectoryIndexSize=148
[2022.12.23-07.15.46:808][  0]LogShaderLibrary: Display: ShaderCodeLibraryPakFileMountedCallback: PakFile 'C:/Program Files/Epic Games/UE_4.27/FeaturePacks/FP_FirstPerson.upack' (chunk index -1, root 'root:/') mounted
[2022.12.23-07.15.46:808][  0]LogShaderLibrary: Display: ShaderCodeLibraryPakFileMountedCallback: pending pak file info (ChunkID:-1 Root:root:/ File:C:/Program Files/Epic Games/UE_4.27/FeaturePacks/FP_FirstPerson.upack)
[2022.12.23-07.15.46:808][  0]LogPakFile: OnPakFileMounted2Time == 0.000079
[2022.12.23-07.15.46:810][  0]LogPakFile: PakFile PrimaryIndexSize=189
[2022.12.23-07.15.46:810][  0]LogPakFile: PakFile PathHashIndexSize=101
[2022.12.23-07.15.46:810][  0]LogPakFile: PakFile FullDirectoryIndexSize=152
[2022.12.23-07.15.46:810][  0]LogShaderLibrary: Display: ShaderCodeLibraryPakFileMountedCallback: PakFile 'C:/Program Files/Epic Games/UE_4.27/FeaturePacks/FP_FirstPersonBP.upack' (chunk index -1, root 'root:/') mounted
[2022.12.23-07.15.46:810][  0]LogShaderLibrary: Display: ShaderCodeLibraryPakFileMountedCallback: pending pak file info (ChunkID:-1 Root:root:/ File:C:/Program Files/Epic Games/UE_4.27/FeaturePacks/FP_FirstPersonBP.upack)
[2022.12.23-07.15.46:810][  0]LogPakFile: OnPakFileMounted2Time == 0.000052
[2022.12.23-07.15.46:812][  0]LogPakFile: PakFile PrimaryIndexSize=191
[2022.12.23-07.15.46:812][  0]LogPakFile: PakFile PathHashIndexSize=101
[2022.12.23-07.15.46:812][  0]LogPakFile: PakFile FullDirectoryIndexSize=160
[2022.12.23-07.15.46:812][  0]LogShaderLibrary: Display: ShaderCodeLibraryPakFileMountedCallback: PakFile 'C:/Program Files/Epic Games/UE_4.27/FeaturePacks/MobileStarterContent.upack' (chunk index -1, root 'root:/') mounted
[2022.12.23-07.15.46:812][  0]LogShaderLibrary: Display: ShaderCodeLibraryPakFileMountedCallback: pending pak file info (ChunkID:-1 Root:root:/ File:C:/Program Files/Epic Games/UE_4.27/FeaturePacks/MobileStarterContent.upack)
[2022.12.23-07.15.46:812][  0]LogPakFile: OnPakFileMounted2Time == 0.000079
[2022.12.23-07.15.46:814][  0]LogPakFile: PakFile PrimaryIndexSize=185
[2022.12.23-07.15.46:814][  0]LogPakFile: PakFile PathHashIndexSize=101
[2022.12.23-07.15.46:814][  0]LogPakFile: PakFile FullDirectoryIndexSize=148
[2022.12.23-07.15.46:814][  0]LogShaderLibrary: Display: ShaderCodeLibraryPakFileMountedCallback: PakFile 'C:/Program Files/Epic Games/UE_4.27/FeaturePacks/StarterContent.upack' (chunk index -1, root 'root:/') mounted
[2022.12.23-07.15.46:814][  0]LogShaderLibrary: Display: ShaderCodeLibraryPakFileMountedCallback: pending pak file info (ChunkID:-1 Root:root:/ File:C:/Program Files/Epic Games/UE_4.27/FeaturePacks/StarterContent.upack)
[2022.12.23-07.15.46:815][  0]LogPakFile: OnPakFileMounted2Time == 0.000162
[2022.12.23-07.15.46:816][  0]LogPakFile: PakFile PrimaryIndexSize=190
[2022.12.23-07.15.46:816][  0]LogPakFile: PakFile PathHashIndexSize=101
[2022.12.23-07.15.46:816][  0]LogPakFile: PakFile FullDirectoryIndexSize=154
[2022.12.23-07.15.46:816][  0]LogShaderLibrary: Display: ShaderCodeLibraryPakFileMountedCallback: PakFile 'C:/Program Files/Epic Games/UE_4.27/FeaturePacks/TP_2DSideScroller.upack' (chunk index -1, root 'root:/') mounted
[2022.12.23-07.15.46:816][  0]LogShaderLibrary: Display: ShaderCodeLibraryPakFileMountedCallback: pending pak file info (ChunkID:-1 Root:root:/ File:C:/Program Files/Epic Games/UE_4.27/FeaturePacks/TP_2DSideScroller.upack)
[2022.12.23-07.15.46:816][  0]LogPakFile: OnPakFileMounted2Time == 0.000048
[2022.12.23-07.15.46:818][  0]LogPakFile: PakFile PrimaryIndexSize=192
[2022.12.23-07.15.46:818][  0]LogPakFile: PakFile PathHashIndexSize=101
[2022.12.23-07.15.46:818][  0]LogPakFile: PakFile FullDirectoryIndexSize=158
[2022.12.23-07.15.46:818][  0]LogShaderLibrary: Display: ShaderCodeLibraryPakFileMountedCallback: PakFile 'C:/Program Files/Epic Games/UE_4.27/FeaturePacks/TP_2DSideScrollerBP.upack' (chunk index -1, root 'root:/') mounted
[2022.12.23-07.15.46:818][  0]LogShaderLibrary: Display: ShaderCodeLibraryPakFileMountedCallback: pending pak file info (ChunkID:-1 Root:root:/ File:C:/Program Files/Epic Games/UE_4.27/FeaturePacks/TP_2DSideScrollerBP.upack)
[2022.12.23-07.15.46:818][  0]LogPakFile: OnPakFileMounted2Time == 0.000044
[2022.12.23-07.15.46:820][  0]LogPakFile: PakFile PrimaryIndexSize=182
[2022.12.23-07.15.46:820][  0]LogPakFile: PakFile PathHashIndexSize=101
[2022.12.23-07.15.46:820][  0]LogPakFile: PakFile FullDirectoryIndexSize=138
[2022.12.23-07.15.46:820][  0]LogShaderLibrary: Display: ShaderCodeLibraryPakFileMountedCallback: PakFile 'C:/Program Files/Epic Games/UE_4.27/FeaturePacks/TP_Flying.upack' (chunk index -1, root 'root:/') mounted
[2022.12.23-07.15.46:820][  0]LogShaderLibrary: Display: ShaderCodeLibraryPakFileMountedCallback: pending pak file info (ChunkID:-1 Root:root:/ File:C:/Program Files/Epic Games/UE_4.27/FeaturePacks/TP_Flying.upack)
[2022.12.23-07.15.46:820][  0]LogPakFile: OnPakFileMounted2Time == 0.000043
[2022.12.23-07.15.46:822][  0]LogPakFile: PakFile PrimaryIndexSize=184
[2022.12.23-07.15.46:822][  0]LogPakFile: PakFile PathHashIndexSize=101
[2022.12.23-07.15.46:822][  0]LogPakFile: PakFile FullDirectoryIndexSize=142
[2022.12.23-07.15.46:822][  0]LogShaderLibrary: Display: ShaderCodeLibraryPakFileMountedCallback: PakFile 'C:/Program Files/Epic Games/UE_4.27/FeaturePacks/TP_FlyingBP.upack' (chunk index -1, root 'root:/') mounted
[2022.12.23-07.15.46:822][  0]LogShaderLibrary: Display: ShaderCodeLibraryPakFileMountedCallback: pending pak file info (ChunkID:-1 Root:root:/ File:C:/Program Files/Epic Games/UE_4.27/FeaturePacks/TP_FlyingBP.upack)
[2022.12.23-07.15.46:822][  0]LogPakFile: OnPakFileMounted2Time == 0.000059
[2022.12.23-07.15.46:824][  0]LogPakFile: PakFile PrimaryIndexSize=188
[2022.12.23-07.15.46:824][  0]LogPakFile: PakFile PathHashIndexSize=101
[2022.12.23-07.15.46:824][  0]LogPakFile: PakFile FullDirectoryIndexSize=150
[2022.12.23-07.15.46:824][  0]LogShaderLibrary: Display: ShaderCodeLibraryPakFileMountedCallback: PakFile 'C:/Program Files/Epic Games/UE_4.27/FeaturePacks/TP_HandheldARBP.upack' (chunk index -1, root 'root:/') mounted
[2022.12.23-07.15.46:824][  0]LogShaderLibrary: Display: ShaderCodeLibraryPakFileMountedCallback: pending pak file info (ChunkID:-1 Root:root:/ File:C:/Program Files/Epic Games/UE_4.27/FeaturePacks/TP_HandheldARBP.upack)
[2022.12.23-07.15.46:824][  0]LogPakFile: OnPakFileMounted2Time == 0.000047
[2022.12.23-07.15.46:827][  0]LogPakFile: PakFile PrimaryIndexSize=182
[2022.12.23-07.15.46:827][  0]LogPakFile: PakFile PathHashIndexSize=101
[2022.12.23-07.15.46:827][  0]LogPakFile: PakFile FullDirectoryIndexSize=138
[2022.12.23-07.15.46:827][  0]LogShaderLibrary: Display: ShaderCodeLibraryPakFileMountedCallback: PakFile 'C:/Program Files/Epic Games/UE_4.27/FeaturePacks/TP_Puzzle.upack' (chunk index -1, root 'root:/') mounted
[2022.12.23-07.15.46:827][  0]LogShaderLibrary: Display: ShaderCodeLibraryPakFileMountedCallback: pending pak file info (ChunkID:-1 Root:root:/ File:C:/Program Files/Epic Games/UE_4.27/FeaturePacks/TP_Puzzle.upack)
[2022.12.23-07.15.46:827][  0]LogPakFile: OnPakFileMounted2Time == 0.000061
[2022.12.23-07.15.46:829][  0]LogPakFile: PakFile PrimaryIndexSize=184
[2022.12.23-07.15.46:829][  0]LogPakFile: PakFile PathHashIndexSize=101
[2022.12.23-07.15.46:829][  0]LogPakFile: PakFile FullDirectoryIndexSize=142
[2022.12.23-07.15.46:829][  0]LogShaderLibrary: Display: ShaderCodeLibraryPakFileMountedCallback: PakFile 'C:/Program Files/Epic Games/UE_4.27/FeaturePacks/TP_PuzzleBP.upack' (chunk index -1, root 'root:/') mounted
[2022.12.23-07.15.46:829][  0]LogShaderLibrary: Display: ShaderCodeLibraryPakFileMountedCallback: pending pak file info (ChunkID:-1 Root:root:/ File:C:/Program Files/Epic Games/UE_4.27/FeaturePacks/TP_PuzzleBP.upack)
[2022.12.23-07.15.46:829][  0]LogPakFile: OnPakFileMounted2Time == 0.000044
[2022.12.23-07.15.46:831][  0]LogPakFile: PakFile PrimaryIndexSize=183
[2022.12.23-07.15.46:831][  0]LogPakFile: PakFile PathHashIndexSize=101
[2022.12.23-07.15.46:831][  0]LogPakFile: PakFile FullDirectoryIndexSize=140
[2022.12.23-07.15.46:831][  0]LogShaderLibrary: Display: ShaderCodeLibraryPakFileMountedCallback: PakFile 'C:/Program Files/Epic Games/UE_4.27/FeaturePacks/TP_Rolling.upack' (chunk index -1, root 'root:/') mounted
[2022.12.23-07.15.46:831][  0]LogShaderLibrary: Display: ShaderCodeLibraryPakFileMountedCallback: pending pak file info (ChunkID:-1 Root:root:/ File:C:/Program Files/Epic Games/UE_4.27/FeaturePacks/TP_Rolling.upack)
[2022.12.23-07.15.46:831][  0]LogPakFile: OnPakFileMounted2Time == 0.000048
[2022.12.23-07.15.46:833][  0]LogPakFile: PakFile PrimaryIndexSize=185
[2022.12.23-07.15.46:833][  0]LogPakFile: PakFile PathHashIndexSize=101
[2022.12.23-07.15.46:833][  0]LogPakFile: PakFile FullDirectoryIndexSize=144
[2022.12.23-07.15.46:833][  0]LogShaderLibrary: Display: ShaderCodeLibraryPakFileMountedCallback: PakFile 'C:/Program Files/Epic Games/UE_4.27/FeaturePacks/TP_RollingBP.upack' (chunk index -1, root 'root:/') mounted
[2022.12.23-07.15.46:833][  0]LogShaderLibrary: Display: ShaderCodeLibraryPakFileMountedCallback: pending pak file info (ChunkID:-1 Root:root:/ File:C:/Program Files/Epic Games/UE_4.27/FeaturePacks/TP_RollingBP.upack)
[2022.12.23-07.15.46:833][  0]LogPakFile: OnPakFileMounted2Time == 0.000066
[2022.12.23-07.15.46:834][  0]LogPakFile: PakFile PrimaryIndexSize=188
[2022.12.23-07.15.46:834][  0]LogPakFile: PakFile PathHashIndexSize=101
[2022.12.23-07.15.46:834][  0]LogPakFile: PakFile FullDirectoryIndexSize=150
[2022.12.23-07.15.46:834][  0]LogShaderLibrary: Display: ShaderCodeLibraryPakFileMountedCallback: PakFile 'C:/Program Files/Epic Games/UE_4.27/FeaturePacks/TP_SideScroller.upack' (chunk index -1, root 'root:/') mounted
[2022.12.23-07.15.46:834][  0]LogShaderLibrary: Display: ShaderCodeLibraryPakFileMountedCallback: pending pak file info (ChunkID:-1 Root:root:/ File:C:/Program Files/Epic Games/UE_4.27/FeaturePacks/TP_SideScroller.upack)
[2022.12.23-07.15.46:834][  0]LogPakFile: OnPakFileMounted2Time == 0.000045
[2022.12.23-07.15.46:836][  0]LogPakFile: PakFile PrimaryIndexSize=190
[2022.12.23-07.15.46:836][  0]LogPakFile: PakFile PathHashIndexSize=101
[2022.12.23-07.15.46:836][  0]LogPakFile: PakFile FullDirectoryIndexSize=154
[2022.12.23-07.15.46:836][  0]LogShaderLibrary: Display: ShaderCodeLibraryPakFileMountedCallback: PakFile 'C:/Program Files/Epic Games/UE_4.27/FeaturePacks/TP_SideScrollerBP.upack' (chunk index -1, root 'root:/') mounted
[2022.12.23-07.15.46:836][  0]LogShaderLibrary: Display: ShaderCodeLibraryPakFileMountedCallback: pending pak file info (ChunkID:-1 Root:root:/ File:C:/Program Files/Epic Games/UE_4.27/FeaturePacks/TP_SideScrollerBP.upack)
[2022.12.23-07.15.46:836][  0]LogPakFile: OnPakFileMounted2Time == 0.000044
[2022.12.23-07.15.46:838][  0]LogPakFile: PakFile PrimaryIndexSize=187
[2022.12.23-07.15.46:838][  0]LogPakFile: PakFile PathHashIndexSize=101
[2022.12.23-07.15.46:838][  0]LogPakFile: PakFile FullDirectoryIndexSize=148
[2022.12.23-07.15.46:838][  0]LogShaderLibrary: Display: ShaderCodeLibraryPakFileMountedCallback: PakFile 'C:/Program Files/Epic Games/UE_4.27/FeaturePacks/TP_ThirdPerson.upack' (chunk index -1, root 'root:/') mounted
[2022.12.23-07.15.46:838][  0]LogShaderLibrary: Display: ShaderCodeLibraryPakFileMountedCallback: pending pak file info (ChunkID:-1 Root:root:/ File:C:/Program Files/Epic Games/UE_4.27/FeaturePacks/TP_ThirdPerson.upack)
[2022.12.23-07.15.46:838][  0]LogPakFile: OnPakFileMounted2Time == 0.000043
[2022.12.23-07.15.46:839][  0]LogPakFile: PakFile PrimaryIndexSize=189
[2022.12.23-07.15.46:840][  0]LogPakFile: PakFile PathHashIndexSize=101
[2022.12.23-07.15.46:840][  0]LogPakFile: PakFile FullDirectoryIndexSize=152
[2022.12.23-07.15.46:840][  0]LogShaderLibrary: Display: ShaderCodeLibraryPakFileMountedCallback: PakFile 'C:/Program Files/Epic Games/UE_4.27/FeaturePacks/TP_ThirdPersonBP.upack' (chunk index -1, root 'root:/') mounted
[2022.12.23-07.15.46:840][  0]LogShaderLibrary: Display: ShaderCodeLibraryPakFileMountedCallback: pending pak file info (ChunkID:-1 Root:root:/ File:C:/Program Files/Epic Games/UE_4.27/FeaturePacks/TP_ThirdPersonBP.upack)
[2022.12.23-07.15.46:840][  0]LogPakFile: OnPakFileMounted2Time == 0.000041
[2022.12.23-07.15.46:841][  0]LogPakFile: PakFile PrimaryIndexSize=183
[2022.12.23-07.15.46:841][  0]LogPakFile: PakFile PathHashIndexSize=101
[2022.12.23-07.15.46:841][  0]LogPakFile: PakFile FullDirectoryIndexSize=140
[2022.12.23-07.15.46:841][  0]LogShaderLibrary: Display: ShaderCodeLibraryPakFileMountedCallback: PakFile 'C:/Program Files/Epic Games/UE_4.27/FeaturePacks/TP_TopDown.upack' (chunk index -1, root 'root:/') mounted
[2022.12.23-07.15.46:841][  0]LogShaderLibrary: Display: ShaderCodeLibraryPakFileMountedCallback: pending pak file info (ChunkID:-1 Root:root:/ File:C:/Program Files/Epic Games/UE_4.27/FeaturePacks/TP_TopDown.upack)
[2022.12.23-07.15.46:841][  0]LogPakFile: OnPakFileMounted2Time == 0.000053
[2022.12.23-07.15.46:843][  0]LogPakFile: PakFile PrimaryIndexSize=185
[2022.12.23-07.15.46:843][  0]LogPakFile: PakFile PathHashIndexSize=101
[2022.12.23-07.15.46:843][  0]LogPakFile: PakFile FullDirectoryIndexSize=144
[2022.12.23-07.15.46:843][  0]LogShaderLibrary: Display: ShaderCodeLibraryPakFileMountedCallback: PakFile 'C:/Program Files/Epic Games/UE_4.27/FeaturePacks/TP_TopDownBP.upack' (chunk index -1, root 'root:/') mounted
[2022.12.23-07.15.46:843][  0]LogShaderLibrary: Display: ShaderCodeLibraryPakFileMountedCallback: pending pak file info (ChunkID:-1 Root:root:/ File:C:/Program Files/Epic Games/UE_4.27/FeaturePacks/TP_TopDownBP.upack)
[2022.12.23-07.15.46:843][  0]LogPakFile: OnPakFileMounted2Time == 0.000048
[2022.12.23-07.15.46:845][  0]LogPakFile: PakFile PrimaryIndexSize=185
[2022.12.23-07.15.46:845][  0]LogPakFile: PakFile PathHashIndexSize=101
[2022.12.23-07.15.46:845][  0]LogPakFile: PakFile FullDirectoryIndexSize=144
[2022.12.23-07.15.46:845][  0]LogShaderLibrary: Display: ShaderCodeLibraryPakFileMountedCallback: PakFile 'C:/Program Files/Epic Games/UE_4.27/FeaturePacks/TP_TwinStick.upack' (chunk index -1, root 'root:/') mounted
[2022.12.23-07.15.46:845][  0]LogShaderLibrary: Display: ShaderCodeLibraryPakFileMountedCallback: pending pak file info (ChunkID:-1 Root:root:/ File:C:/Program Files/Epic Games/UE_4.27/FeaturePacks/TP_TwinStick.upack)
[2022.12.23-07.15.46:845][  0]LogPakFile: OnPakFileMounted2Time == 0.000048
[2022.12.23-07.15.46:846][  0]LogPakFile: PakFile PrimaryIndexSize=187
[2022.12.23-07.15.46:846][  0]LogPakFile: PakFile PathHashIndexSize=101
[2022.12.23-07.15.46:846][  0]LogPakFile: PakFile FullDirectoryIndexSize=148
[2022.12.23-07.15.46:846][  0]LogShaderLibrary: Display: ShaderCodeLibraryPakFileMountedCallback: PakFile 'C:/Program Files/Epic Games/UE_4.27/FeaturePacks/TP_TwinStickBP.upack' (chunk index -1, root 'root:/') mounted
[2022.12.23-07.15.46:846][  0]LogShaderLibrary: Display: ShaderCodeLibraryPakFileMountedCallback: pending pak file info (ChunkID:-1 Root:root:/ File:C:/Program Files/Epic Games/UE_4.27/FeaturePacks/TP_TwinStickBP.upack)
[2022.12.23-07.15.46:846][  0]LogPakFile: OnPakFileMounted2Time == 0.000050
[2022.12.23-07.15.46:848][  0]LogPakFile: PakFile PrimaryIndexSize=183
[2022.12.23-07.15.46:848][  0]LogPakFile: PakFile PathHashIndexSize=101
[2022.12.23-07.15.46:849][  0]LogPakFile: PakFile FullDirectoryIndexSize=140
[2022.12.23-07.15.46:849][  0]LogShaderLibrary: Display: ShaderCodeLibraryPakFileMountedCallback: PakFile 'C:/Program Files/Epic Games/UE_4.27/FeaturePacks/TP_Vehicle.upack' (chunk index -1, root 'root:/') mounted
[2022.12.23-07.15.46:849][  0]LogShaderLibrary: Display: ShaderCodeLibraryPakFileMountedCallback: pending pak file info (ChunkID:-1 Root:root:/ File:C:/Program Files/Epic Games/UE_4.27/FeaturePacks/TP_Vehicle.upack)
[2022.12.23-07.15.46:849][  0]LogPakFile: OnPakFileMounted2Time == 0.000046
[2022.12.23-07.15.46:850][  0]LogPakFile: PakFile PrimaryIndexSize=186
[2022.12.23-07.15.46:850][  0]LogPakFile: PakFile PathHashIndexSize=101
[2022.12.23-07.15.46:850][  0]LogPakFile: PakFile FullDirectoryIndexSize=146
[2022.12.23-07.15.46:850][  0]LogShaderLibrary: Display: ShaderCodeLibraryPakFileMountedCallback: PakFile 'C:/Program Files/Epic Games/UE_4.27/FeaturePacks/TP_VehicleAdv.upack' (chunk index -1, root 'root:/') mounted
[2022.12.23-07.15.46:850][  0]LogShaderLibrary: Display: ShaderCodeLibraryPakFileMountedCallback: pending pak file info (ChunkID:-1 Root:root:/ File:C:/Program Files/Epic Games/UE_4.27/FeaturePacks/TP_VehicleAdv.upack)
[2022.12.23-07.15.46:850][  0]LogPakFile: OnPakFileMounted2Time == 0.000045
[2022.12.23-07.15.46:852][  0]LogPakFile: PakFile PrimaryIndexSize=188
[2022.12.23-07.15.46:852][  0]LogPakFile: PakFile PathHashIndexSize=101
[2022.12.23-07.15.46:852][  0]LogPakFile: PakFile FullDirectoryIndexSize=150
[2022.12.23-07.15.46:852][  0]LogShaderLibrary: Display: ShaderCodeLibraryPakFileMountedCallback: PakFile 'C:/Program Files/Epic Games/UE_4.27/FeaturePacks/TP_VehicleAdvBP.upack' (chunk index -1, root 'root:/') mounted
[2022.12.23-07.15.46:852][  0]LogShaderLibrary: Display: ShaderCodeLibraryPakFileMountedCallback: pending pak file info (ChunkID:-1 Root:root:/ File:C:/Program Files/Epic Games/UE_4.27/FeaturePacks/TP_VehicleAdvBP.upack)
[2022.12.23-07.15.46:852][  0]LogPakFile: OnPakFileMounted2Time == 0.000051
[2022.12.23-07.15.46:854][  0]LogPakFile: PakFile PrimaryIndexSize=185
[2022.12.23-07.15.46:854][  0]LogPakFile: PakFile PathHashIndexSize=101
[2022.12.23-07.15.46:854][  0]LogPakFile: PakFile FullDirectoryIndexSize=144
[2022.12.23-07.15.46:854][  0]LogShaderLibrary: Display: ShaderCodeLibraryPakFileMountedCallback: PakFile 'C:/Program Files/Epic Games/UE_4.27/FeaturePacks/TP_VehicleBP.upack' (chunk index -1, root 'root:/') mounted
[2022.12.23-07.15.46:854][  0]LogShaderLibrary: Display: ShaderCodeLibraryPakFileMountedCallback: pending pak file info (ChunkID:-1 Root:root:/ File:C:/Program Files/Epic Games/UE_4.27/FeaturePacks/TP_VehicleBP.upack)
[2022.12.23-07.15.46:854][  0]LogPakFile: OnPakFileMounted2Time == 0.000048
[2022.12.23-07.15.46:856][  0]LogPakFile: PakFile PrimaryIndexSize=192
[2022.12.23-07.15.46:856][  0]LogPakFile: PakFile PathHashIndexSize=101
[2022.12.23-07.15.46:856][  0]LogPakFile: PakFile FullDirectoryIndexSize=158
[2022.12.23-07.15.46:856][  0]LogShaderLibrary: Display: ShaderCodeLibraryPakFileMountedCallback: PakFile 'C:/Program Files/Epic Games/UE_4.27/FeaturePacks/TP_VirtualRealityBP.upack' (chunk index -1, root 'root:/') mounted
[2022.12.23-07.15.46:856][  0]LogShaderLibrary: Display: ShaderCodeLibraryPakFileMountedCallback: pending pak file info (ChunkID:-1 Root:root:/ File:C:/Program Files/Epic Games/UE_4.27/FeaturePacks/TP_VirtualRealityBP.upack)
[2022.12.23-07.15.46:856][  0]LogPakFile: OnPakFileMounted2Time == 0.000044
[2022.12.23-07.15.47:023][  0]LogNativeClassHierarchy: Verbose: Native class hierarchy updated for 'AddContentDialog' in 0.0003 seconds. Added 0 classes and 0 folders.
[2022.12.23-07.15.47:025][  0]LogNativeClassHierarchy: Verbose: Native class hierarchy updated for 'SceneOutliner' in 0.0003 seconds. Added 2 classes and 0 folders.
[2022.12.23-07.15.47:181][  0]LogSlate: Took 0.000762 seconds to synchronously load lazily loaded font '../../../Engine/Content/Editor/Slate/Fonts/FontAwesome.ttf' (139K)
[2022.12.23-07.15.47:183][  0]LogSlate: Took 0.000440 seconds to synchronously load lazily loaded font '../../../Engine/Content/Slate/Fonts/Roboto-Bold.ttf' (160K)
[2022.12.23-07.15.47:271][  0]LogRenderer: Reallocating scene render targets to support 1208x632 Format 10 NumSamples 1 (Frame:1).
[2022.12.23-07.15.47:407][  0]LogNativeClassHierarchy: Verbose: Native class hierarchy updated for 'HierarchicalLODOutliner' in 0.0004 seconds. Added 0 classes and 0 folders.
[2022.12.23-07.15.47:407][  0]LogInput: Warning: Action Jump uses invalid key OculusGo_Left_Trigger_Click.
[2022.12.23-07.15.47:408][  0]LogInput: Warning: Action ResetVR uses invalid key OculusGo_Left_Trackpad_Click.
[2022.12.23-07.15.47:408][  0]LogInput: Warning: Use -RemoveInvalidKeys to remove instances of these keys from the action mapping.
[2022.12.23-07.15.47:408][  0]LogLoad: (Engine Initialization) Total time: 49.11 seconds
[2022.12.23-07.15.47:408][  0]LogLoad: (Engine Initialization) Total Blueprint compile time: 0.00 seconds
[2022.12.23-07.15.47:487][  0]LogContentStreaming: Texture pool size now 1000 MB
[2022.12.23-07.15.47:675][  1]LogAssetRegistry: Asset discovery search completed in 42.6339 seconds
[2022.12.23-07.15.47:685][  1]LogCollectionManager: Fixed up redirectors for 0 collections in 0.000004 seconds (updated 0 objects)
[2022.12.23-07.15.48:038][  2]LogSlate: Took 0.000865 seconds to synchronously load lazily loaded font '../../../Engine/Content/Slate/Fonts/Roboto-Light.ttf' (167K)
[2022.12.23-07.15.48:999][  5]LogSlate: Took 0.000295 seconds to synchronously load lazily loaded font '../../../Engine/Content/Slate/Fonts/Roboto-Light.ttf' (167K)
[2022.12.23-07.16.06:561][721]LogUObjectHash: Compacting FUObjectHashTables data took   1.07ms
[2022.12.23-07.16.06:806][721]LogAssetEditorSubsystem: Opening Asset editor for World /Game/Untitled.Untitled
[2022.12.23-07.16.06:806][721]Cmd: MAP LOAD FILE="../../../../../../Users/User/Documents/Unreal Projects/MyProject4/Content/Untitled.umap" TEMPLATE=0 SHOWPROGRESS=1 FEATURELEVEL=3
[2022.12.23-07.16.06:806][721]LightingResults: New page: Lighting Build
[2022.12.23-07.16.06:806][721]LoadErrors: New page: Loading map: Untitled.umap
[2022.12.23-07.16.06:810][721]LogWorld: UWorld::CleanupWorld for ThirdPersonExampleMap, bSessionEnded=true, bCleanupResources=true
[2022.12.23-07.16.06:810][721]LogSlate: InvalidateAllWidgets triggered.  All widgets were invalidated
[2022.12.23-07.16.06:810][721]MapCheck: New page: Map Check
[2022.12.23-07.16.06:810][721]LightingResults: New page: Lighting Build
[2022.12.23-07.16.06:819][721]LogAudio: Display: Audio Device unregistered from world 'None'.
[2022.12.23-07.16.06:822][721]LogUObjectHash: Compacting FUObjectHashTables data took   1.06ms
[2022.12.23-07.16.06:824][721]LogAudio: Display: Audio Device (ID: 1) registered with world 'Untitled'.
[2022.12.23-07.16.06:832][721]LogPhysics: Warning: Scale for /Game/Untitled.Untitled:PersistentLevel.Cylinder4.StaticMeshComponent0 has a component set to zero, which will result in a bad body instance. Scale:X=1.000 Y=0.000 Z=0.500
[2022.12.23-07.16.06:832][721]LogPhysics: Warning: PopulatePhysXGeometryAndTransform(Convex): ConvexElem has invalid transform
[2022.12.23-07.16.06:832][721]LogPhysics: Warning: ForeachShape(Convex): ScaledElem[0] invalid
[2022.12.23-07.16.06:832][721]LogPhysics: Warning: Scale for /Game/Untitled.Untitled:PersistentLevel.Cylinder8.StaticMeshComponent0 has a component set to zero, which will result in a bad body instance. Scale:X=1.000 Y=0.000 Z=0.500
[2022.12.23-07.16.06:832][721]LogPhysics: Warning: PopulatePhysXGeometryAndTransform(Convex): ConvexElem has invalid transform
[2022.12.23-07.16.06:832][721]LogPhysics: Warning: ForeachShape(Convex): ScaledElem[0] invalid
[2022.12.23-07.16.06:934][721]LogEditorServer: Finished looking for orphan Actors (0.000 secs)
[2022.12.23-07.16.06:934][721]LogAIModule: Creating AISystem for world Untitled
[2022.12.23-07.16.06:949][721]LogUObjectHash: Compacting FUObjectHashTables data took   0.73ms
[2022.12.23-07.16.06:973][721]Cmd: MAP CHECKDEP NOCLEARLOG
[2022.12.23-07.16.06:973][721]MapCheck: Map check complete: 0 Error(s), 0 Warning(s), took 0,192ms to complete.
[2022.12.23-07.16.06:973][721]LogFileHelpers: Loading map 'Untitled' took 0.167
[2022.12.23-07.16.28:179][203]Cmd: POLY SELECT ADJACENT WALLS
